 ·-------------------------------------------|---------------------------|----------------·
 |  Solc version: 0.8.17                     ·  Optimizer enabled: true  ·  Runs: 10      │
 ············································|···························|·················
 |  Contract Name                            ·  Size (KiB)               ·  Change (KiB)  │
 ············································|···························|·················
 |  Address                                  ·                    0.084  ·         0.000  │
 ············································|···························|·················
 |  AddressArrayUtils                        ·                    0.084  ·         0.000  │
 ············································|···························|·················
 |  Ballot                                   ·                    0.162  ·         0.000  │
 ············································|···························|·················
 |  BridgeOperatorsBallot                    ·                    0.162  ·         0.000  │
 ············································|···························|·················
 |  BridgeTracking                           ·                    4.598  ·        -0.043  │
 ············································|···························|·················
 |  ECDSA                                    ·                    0.084  ·         0.000  │
 ············································|···························|·················
 |  EmergencyExitBallot                      ·                    0.162  ·         0.000  │
 ············································|···························|·················
 |  EnumerableSet                            ·                    0.084  ·         0.000  │
 ············································|···························|·················
 |  EnumFlags                                ·                    0.084  ·         0.000  │
 ············································|···························|·················
 |  ERC1967Proxy                             ·                    0.668  ·         0.000  │
 ············································|···························|·················
 |  ERC20                                    ·                    2.105  ·         0.000  │
 ············································|···························|·················
 |  ERC20PresetMinterPauser                  ·                    6.015  ·         0.000  │
 ············································|···························|·················
 |  Forwarder                                ·                    3.417  ·         0.000  │
 ············································|···························|·················
 |  GlobalProposal                           ·                    0.162  ·         0.000  │
 ············································|···························|·················
 |  HasBridgeContract                        ·                    0.501  ·         0.000  │
 ············································|···························|·················
 |  HasBridgeTrackingContract                ·                    0.501  ·         0.000  │
 ············································|···························|·················
 |  HasMaintenanceContract                   ·                    0.501  ·         0.000  │
 ············································|···························|·················
 |  HasRoninGovernanceAdminContract          ·                    0.501  ·         0.000  │
 ············································|···························|·················
 |  HasRoninTrustedOrganizationContract      ·                    0.501  ·         0.000  │
 ············································|···························|·················
 |  HasSlashIndicatorContract                ·                    0.501  ·         0.000  │
 ············································|···························|·················
 |  HasStakingContract                       ·                    0.501  ·         0.000  │
 ············································|···························|·················
 |  HasStakingVestingContract                ·                    0.501  ·         0.000  │
 ············································|···························|·················
 |  HasValidatorContract                     ·                    0.501  ·         0.000  │
 ············································|···························|·················
 |  IsolatedGovernance                       ·                    0.084  ·         0.000  │
 ············································|···························|·················
 |  MainchainGatewayV2                       ·                   20.038  ·        -0.078  │
 ············································|···························|·················
 |  MainchainGovernanceAdmin                 ·                   16.036  ·        -0.076  │
 ············································|···························|·················
 |  Maintenance                              ·                    5.953  ·        -0.061  │
 ············································|···························|·················
 |  Math                                     ·                    0.084  ·         0.000  │
 ············································|···························|·················
 |  MockBridge                               ·                    1.271  ·         0.000  │
 ············································|···························|·················
 |  MockForwarderTarget                      ·                    1.193  ·         0.000  │
 ············································|···························|·················
 |  MockGatewayForTracking                   ·                    1.309  ·         0.000  │
 ············································|···························|·················
 |  MockPaymentFallback                      ·                    0.119  ·         0.000  │
 ············································|···························|·················
 |  MockPaymentFallbackExpensive             ·                    0.295  ·         0.000  │
 ············································|···························|·················
 |  MockPCUPickValidatorSet                  ·                    1.253  ·         0.000  │
 ············································|···························|·················
 |  MockPCUSortValidators                    ·                    1.023  ·         0.000  │
 ············································|···························|·················
 |  MockPCUValidateDoubleSign                ·                    0.847  ·         0.000  │
 ············································|···························|·················
 |  MockPrecompile                           ·                    3.725  ·         0.000  │
 ············································|···························|·················
 |  MockRoninGatewayV2Extended               ·                   23.287  ·        -0.101  │
 ············································|···························|·················
 |  MockRoninValidatorSetExtended            ·                   27.709  ·        -0.214  │
 ············································|···························|·················
 |  MockRoninValidatorSetOverridePrecompile  ·                   26.916  ·        -0.214  │
 ············································|···························|·················
 |  MockSlashIndicatorExtended               ·                   14.500  ·        -0.027  │
 ············································|···························|·················
 |  MockSorting                              ·                    3.024  ·         0.000  │
 ············································|···························|·················
 |  MockStaking                              ·                    4.434  ·        -0.019  │
 ············································|···························|·················
 |  MockTransfer                             ·                    0.394  ·         0.000  │
 ············································|···························|·················
 |  MockValidatorSet                         ·                    7.986  ·        -0.021  │
 ············································|···························|·················
 |  PauseEnforcer                            ·                    3.897  ·         0.000  │
 ············································|···························|·················
 |  Proposal                                 ·                    0.162  ·         0.000  │
 ············································|···························|·················
 |  ProxyAdmin                               ·                    1.651  ·         0.000  │
 ············································|···························|·················
 |  RoninGatewayV2                           ·                   23.020  ·        -0.101  │
 ············································|···························|·················
 |  RoninGovernanceAdmin                     ·                   22.335  ·        -0.118  │
 ············································|···························|·················
 |  RoninTrustedOrganization                 ·                    9.176  ·        -0.166  │
 ············································|···························|·················
 |  RoninValidatorSet                        ·                   23.797  ·        -0.214  │
 ············································|···························|·················
 |  SlashIndicator                           ·                   11.486  ·        -0.027  │
 ············································|···························|·················
 |  Sorting                                  ·                    0.084  ·         0.000  │
 ············································|···························|·················
 |  Staking                                  ·                   14.806  ·        -0.124  │
 ············································|···························|·················
 |  StakingVesting                           ·                    2.106  ·         0.000  │
 ············································|···························|·················
 |  StorageSlot                              ·                    0.084  ·         0.000  │
 ············································|···························|·················
 |  Strings                                  ·                    0.084  ·         0.000  │
 ············································|···························|·················
 |  Token                                    ·                    0.209  ·         0.000  │
 ············································|···························|·················
 |  Transfer                                 ·                    0.162  ·         0.000  │
 ············································|···························|·················
 |  TransparentUpgradeableProxy              ·                    2.021  ·         0.000  │
 ············································|···························|·················
 |  TransparentUpgradeableProxyV2            ·                    2.307  ·         0.000  │
 ············································|···························|·················
 |  VaultForwarder                           ·                    3.694  ·         0.000  │
 ·-------------------------------------------|---------------------------|----------------·
