 ·-------------------------------------------|---------------------------|----------------·
 |  Solc version: 0.8.17                     ·  Optimizer enabled: true  ·  Runs: 200     │
 ············································|···························|·················
 |  Contract Name                            ·  Size (KiB)               ·  Change (KiB)  │
 ············································|···························|·················
 |  Address                                  ·                    0.084  ·         0.000  │
 ············································|···························|·················
 |  AddressArrayUtils                        ·                    0.084  ·         0.000  │
 ············································|···························|·················
 |  Ballot                                   ·                    0.162  ·         0.000  │
 ············································|···························|·················
 |  BridgeOperatorsBallot                    ·                    0.162  ·         0.000  │
 ············································|···························|·················
 |  BridgeTracking                           ·                    4.622  ·         0.000  │
 ············································|···························|·················
 |  ECDSA                                    ·                    0.084  ·         0.000  │
 ············································|···························|·················
 |  EmergencyExitBallot                      ·                    0.162  ·         0.000  │
 ············································|···························|·················
 |  EnumerableSet                            ·                    0.084  ·         0.000  │
 ············································|···························|·················
 |  EnumFlags                                ·                    0.084  ·         0.000  │
 ············································|···························|·················
 |  ERC1967Proxy                             ·                    0.670  ·         0.000  │
 ············································|···························|·················
 |  ERC20                                    ·                    2.121  ·         0.000  │
 ············································|···························|·················
 |  ERC20PresetMinterPauser                  ·                    6.219  ·         0.000  │
 ············································|···························|·················
 |  ErrorHandler                             ·                    0.084  ·         0.000  │
 ············································|···························|·················
 |  Forwarder                                ·                    3.438  ·         0.000  │
 ············································|···························|·················
 |  GlobalProposal                           ·                    0.162  ·         0.000  │
 ············································|···························|·················
 |  HasBridgeContract                        ·                    0.519  ·         0.000  │
 ············································|···························|·················
 |  HasBridgeTrackingContract                ·                    0.519  ·         0.000  │
 ············································|···························|·················
 |  HasMaintenanceContract                   ·                    0.519  ·         0.000  │
 ············································|···························|·················
 |  HasRoninGovernanceAdminContract          ·                    0.519  ·         0.000  │
 ············································|···························|·················
 |  HasRoninTrustedOrganizationContract      ·                    0.519  ·         0.000  │
 ············································|···························|·················
 |  HasSlashIndicatorContract                ·                    0.519  ·         0.000  │
 ············································|···························|·················
 |  HasStakingContract                       ·                    0.519  ·         0.000  │
 ············································|···························|·················
 |  HasStakingVestingContract                ·                    0.519  ·         0.000  │
 ············································|···························|·················
 |  HasValidatorContract                     ·                    0.519  ·         0.000  │
 ············································|···························|·················
 |  IsolatedGovernance                       ·                    0.084  ·         0.000  │
 ············································|···························|·················
 |  MainchainGatewayV2                       ·                   18.476  ·         0.000  │
 ············································|···························|·················
 |  MainchainGovernanceAdmin                 ·                   15.020  ·         0.000  │
 ············································|···························|·················
 |  Maintenance                              ·                    4.983  ·         0.000  │
 ············································|···························|·················
 |  Math                                     ·                    0.084  ·         0.000  │
 ············································|···························|·················
 |  MockBridge                               ·                    1.272  ·         0.000  │
 ············································|···························|·················
 |  MockForwarderTarget                      ·                    1.312  ·         0.000  │
 ············································|···························|·················
 |  MockGatewayForTracking                   ·                    1.309  ·         0.000  │
 ············································|···························|·················
 |  MockPaymentFallback                      ·                    0.119  ·         0.000  │
 ············································|···························|·················
 |  MockPaymentFallbackExpensive             ·                    0.295  ·         0.000  │
 ············································|···························|·················
 |  MockPCUPickValidatorSet                  ·                    1.246  ·         0.000  │
 ············································|···························|·················
 |  MockPCUSortValidators                    ·                    1.016  ·         0.000  │
 ············································|···························|·················
 |  MockPCUValidateDoubleSign                ·                    0.839  ·         0.000  │
 ············································|···························|·················
 |  MockPrecompile                           ·                    3.834  ·         0.000  │
 ············································|···························|·················
 |  MockRoninGatewayV2Extended               ·                   22.028  ·         0.000  │
 ············································|···························|·················
 |  MockRoninValidatorSetExtended            ·                   27.818  ·         0.000  │
 ············································|···························|·················
 |  MockRoninValidatorSetOverridePrecompile  ·                   27.021  ·         0.000  │
 ············································|···························|·················
 |  MockSlashIndicatorExtended               ·                   13.501  ·         0.000  │
 ············································|···························|·················
 |  MockSorting                              ·                    3.030  ·         0.000  │
 ············································|···························|·················
 |  MockStaking                              ·                    4.523  ·         0.000  │
 ············································|···························|·················
 |  MockTransfer                             ·                    0.394  ·         0.000  │
 ············································|···························|·················
 |  MockValidatorSet                         ·                    8.293  ·         0.000  │
 ············································|···························|·················
 |  PauseEnforcer                            ·                    3.783  ·         0.000  │
 ············································|···························|·················
 |  Proposal                                 ·                    0.162  ·         0.000  │
 ············································|···························|·················
 |  ProxyAdmin                               ·                    1.644  ·         0.000  │
 ············································|···························|·················
 |  RoninGatewayV2                           ·                   21.714  ·         0.000  │
 ············································|···························|·················
 |  RoninGovernanceAdmin                     ·                   20.437  ·         0.000  │
 ············································|···························|·················
 |  RoninTrustedOrganization                 ·                    7.708  ·         0.000  │
 ············································|···························|·················
 |  RoninValidatorSet                        ·                   23.423  ·         0.000  │
 ············································|···························|·················
 |  SlashIndicator                           ·                   10.394  ·         0.000  │
 ············································|···························|·················
 |  Sorting                                  ·                    0.084  ·         0.000  │
 ············································|···························|·················
 |  Staking                                  ·                   14.990  ·         0.000  │
 ············································|···························|·················
 |  StakingVesting                           ·                    1.978  ·         0.000  │
 ············································|···························|·················
 |  StorageSlot                              ·                    0.084  ·         0.000  │
 ············································|···························|·················
 |  Strings                                  ·                    0.084  ·         0.000  │
 ············································|···························|·················
 |  Token                                    ·                    0.209  ·         0.000  │
 ············································|···························|·················
 |  Transfer                                 ·                    0.162  ·         0.000  │
 ············································|···························|·················
 |  TransparentUpgradeableProxy              ·                    2.034  ·         0.000  │
 ············································|···························|·················
 |  TransparentUpgradeableProxyV2            ·                    2.320  ·         0.000  │
 ············································|···························|·················
 |  VaultForwarder                           ·                    3.769  ·         0.000  │
 ·-------------------------------------------|---------------------------|----------------·
