 ·-------------------------------------------|---------------------------|----------------·
 |  Solc version: 0.8.19                     ·  Optimizer enabled: true  ·  Runs: 200     │
 ············································|···························|·················
 |  Contract Name                            ·  Size (KiB)               ·  Change (KiB)  │
 ············································|···························|·················
 |  Address                                  ·                    0.044  ·                │
 ············································|···························|·················
 |  AddressArrayUtils                        ·                    0.044  ·                │
 ············································|···························|·················
 |  Ballot                                   ·                    0.044  ·                │
 ············································|···························|·················
 |  BridgeOperatorsBallot                    ·                    0.122  ·                │
 ············································|···························|·················
 |  BridgeReward                             ·                    5.646  ·                │
 ············································|···························|·················
 |  BridgeSlash                              ·                    5.212  ·                │
 ············································|···························|·················
 |  BridgeTracking                           ·                    6.530  ·                │
 ············································|···························|·················
 |  ECDSA                                    ·                    0.044  ·                │
 ············································|···························|·················
 |  EmergencyExitBallot                      ·                    0.044  ·                │
 ············································|···························|·················
 |  EnumerableSet                            ·                    0.044  ·                │
 ············································|···························|·················
 |  EnumFlags                                ·                    0.044  ·                │
 ············································|···························|·················
 |  ERC1967Proxy                             ·                    0.133  ·                │
 ············································|···························|·················
 |  ERC20                                    ·                    2.081  ·                │
 ············································|···························|·················
 |  ERC20PresetMinterPauser                  ·                    6.179  ·                │
 ············································|···························|·················
 |  ErrorHandler                             ·                    0.044  ·                │
 ············································|···························|·················
 |  FastFinalityTracking                     ·                    2.063  ·                │
 ············································|···························|·················
 |  Forwarder                                ·                    3.398  ·                │
 ············································|···························|·················
 |  GlobalProposal                           ·                    0.122  ·                │
 ············································|···························|·················
 |  HasBridgeDeprecated                      ·                    0.021  ·                │
 ············································|···························|·················
 |  HasBridgeTrackingDeprecated              ·                    0.021  ·                │
 ············································|···························|·················
 |  HasGovernanceAdminDeprecated             ·                    0.021  ·                │
 ············································|···························|·················
 |  HasMaintenanceDeprecated                 ·                    0.021  ·                │
 ············································|···························|·················
 |  HasSlashIndicatorDeprecated              ·                    0.021  ·                │
 ············································|···························|·················
 |  HasStakingDeprecated                     ·                    0.021  ·                │
 ············································|···························|·················
 |  HasStakingVestingDeprecated              ·                    0.021  ·                │
 ············································|···························|·················
 |  HasTrustedOrgDeprecated                  ·                    0.021  ·                │
 ············································|···························|·················
 |  HasValidatorDeprecated                   ·                    0.021  ·                │
 ············································|···························|·················
 |  IsolatedGovernance                       ·                    0.044  ·                │
 ············································|···························|·················
 |  LibTUint256Slot                          ·                    0.044  ·                │
 ············································|···························|·················
 |  MainchainBridgeManager                   ·                   18.841  ·                │
 ············································|···························|·················
 |  MainchainGatewayV2                       ·                   17.721  ·                │
 ············································|···························|·················
 |  Maintenance                              ·                    6.359  ·                │
 ············································|···························|·················
 |  Math                                     ·                    0.044  ·                │
 ············································|···························|·················
 |  MockActor                                ·                    0.229  ·                │
 ············································|···························|·················
 |  MockBridge                               ·                    1.232  ·                │
 ············································|···························|·················
 |  MockBridgeManager                        ·                   10.503  ·                │
 ············································|···························|·················
 |  MockBridgeReward                         ·                    6.368  ·                │
 ············································|···························|·················
 |  MockBridgeSlash                          ·                    5.365  ·                │
 ············································|···························|·················
 |  MockConditionalImplementControl          ·                    1.160  ·                │
 ············································|···························|·················
 |  MockForwarderTarget                      ·                    1.271  ·                │
 ············································|···························|·················
 |  MockGatewayForTracking                   ·                    1.583  ·                │
 ············································|···························|·················
 |  MockLogicV1                              ·                    0.402  ·                │
 ············································|···························|·················
 |  MockLogicV2                              ·                    0.402  ·                │
 ············································|···························|·················
 |  MockLogicValidatorSetV1                  ·                    0.444  ·                │
 ············································|···························|·················
 |  MockLogicValidatorSetV2                  ·                    0.444  ·                │
 ············································|···························|·················
 |  MockPaymentFallback                      ·                    0.079  ·                │
 ············································|···························|·················
 |  MockPaymentFallbackExpensive             ·                    0.255  ·                │
 ············································|···························|·················
 |  MockPCUPickValidatorSet                  ·                    1.206  ·                │
 ············································|···························|·················
 |  MockPCUSortValidators                    ·                    0.976  ·                │
 ············································|···························|·················
 |  MockPCUValidateDoubleSign                ·                    0.799  ·                │
 ············································|···························|·················
 |  MockPCUValidateFastFinality              ·                    1.612  ·                │
 ············································|···························|·················
 |  MockPrecompile                           ·                    4.014  ·                │
 ············································|···························|·················
 |  MockRoninBridgeManager                   ·                   23.962  ·                │
 ············································|···························|·················
 |  MockRoninGatewayV2Extended               ·                   20.438  ·                │
 ············································|···························|·················
 |  MockRoninValidatorSetExtended            ·                   24.964  ·                │
 ············································|···························|·················
 |  MockRoninValidatorSetOverridePrecompile  ·                   24.242  ·                │
 ············································|···························|·················
 |  MockSlashIndicatorExtended               ·                   17.009  ·                │
 ············································|···························|·················
 |  MockSorting                              ·                    2.990  ·                │
 ············································|···························|·················
 |  MockStaking                              ·                    4.527  ·                │
 ············································|···························|·················
 |  MockTransfer                             ·                    0.354  ·                │
 ············································|···························|·················
 |  MockTUint256Slot                         ·                    2.625  ·                │
 ············································|···························|·················
 |  MockValidatorContract                    ·                    0.128  ·                │
 ············································|···························|·················
 |  MockValidatorSet                         ·                    8.125  ·                │
 ············································|···························|·················
 |  NotifiedMigrator                         ·                    0.945  ·                │
 ············································|···························|·················
 |  PauseEnforcer                            ·                    4.401  ·                │
 ············································|···························|·················
 |  Profile                                  ·                    4.037  ·                │
 ············································|···························|·················
 |  Proposal                                 ·                    0.122  ·                │
 ············································|···························|·················
 |  ProxyAdmin                               ·                    1.604  ·                │
 ············································|···························|·················
 |  RoninBridgeManager                       ·                   23.962  ·                │
 ············································|···························|·················
 |  RoninGatewayV2                           ·                   20.130  ·                │
 ············································|···························|·················
 |  RoninGovernanceAdmin                     ·                   14.431  ·                │
 ············································|···························|·················
 |  RoninTrustedOrganization                 ·                    7.631  ·                │
 ············································|···························|·················
 |  RoninValidatorSet                        ·                   20.350  ·                │
 ············································|···························|·················
 |  RoninValidatorSetTimedMigrator           ·                    2.286  ·                │
 ············································|···························|·················
 |  SlashIndicator                           ·                   13.655  ·                │
 ············································|···························|·················
 |  Sorting                                  ·                    0.044  ·                │
 ············································|···························|·················
 |  Staking                                  ·                   16.271  ·                │
 ············································|···························|·················
 |  StakingVesting                           ·                    3.016  ·                │
 ············································|···························|·················
 |  StorageSlot                              ·                    0.044  ·                │
 ············································|···························|·················
 |  Strings                                  ·                    0.044  ·                │
 ············································|···························|·················
 |  Token                                    ·                    0.169  ·                │
 ············································|···························|·················
 |  Transfer                                 ·                    0.122  ·                │
 ············································|···························|·················
 |  TransparentUpgradeableProxy              ·                    1.979  ·                │
 ············································|···························|·················
 |  TransparentUpgradeableProxyV2            ·                    2.266  ·                │
 ············································|···························|·················
 |  VaultForwarder                           ·                    3.729  ·                │
 ·-------------------------------------------|---------------------------|----------------·
