 ·-------------------------------------------|---------------------------|----------------·
 |  Solc version: 0.8.17                     ·  Optimizer enabled: true  ·  Runs: 200     │
 ············································|···························|·················
 |  Contract Name                            ·  Size (KiB)               ·  Change (KiB)  │
 ············································|···························|·················
 |  Address                                  ·                    0.084  ·                │
 ············································|···························|·················
 |  AddressArrayUtils                        ·                    0.084  ·                │
 ············································|···························|·················
 |  Ballot                                   ·                    0.084  ·                │
 ············································|···························|·················
 |  BridgeOperatorsBallot                    ·                    0.162  ·                │
 ············································|···························|·················
 |  BridgeTracking                           ·                    4.576  ·                │
 ············································|···························|·················
 |  ECDSA                                    ·                    0.084  ·                │
 ············································|···························|·················
 |  EmergencyExitBallot                      ·                    0.084  ·                │
 ············································|···························|·················
 |  EnumerableSet                            ·                    0.084  ·                │
 ············································|···························|·················
 |  EnumFlags                                ·                    0.084  ·                │
 ············································|···························|·················
 |  ERC1967Proxy                             ·                    0.670  ·                │
 ············································|···························|·················
 |  ERC20                                    ·                    2.121  ·                │
 ············································|···························|·················
 |  ERC20PresetMinterPauser                  ·                    6.219  ·                │
 ············································|···························|·················
 |  ErrorHandler                             ·                    0.084  ·                │
 ············································|···························|·················
 |  Forwarder                                ·                    3.438  ·                │
 ············································|···························|·················
 |  GlobalProposal                           ·                    0.162  ·                │
 ············································|···························|·················
 |  HasBridgeContract                        ·                    0.519  ·                │
 ············································|···························|·················
 |  HasBridgeTrackingContract                ·                    0.519  ·                │
 ············································|···························|·················
 |  HasMaintenanceContract                   ·                    0.519  ·                │
 ············································|···························|·················
 |  HasRoninGovernanceAdminContract          ·                    0.519  ·                │
 ············································|···························|·················
 |  HasRoninTrustedOrganizationContract      ·                    0.519  ·                │
 ············································|···························|·················
 |  HasSlashIndicatorContract                ·                    0.519  ·                │
 ············································|···························|·················
 |  HasStakingContract                       ·                    0.519  ·                │
 ············································|···························|·················
 |  HasStakingVestingContract                ·                    0.519  ·                │
 ············································|···························|·················
 |  HasValidatorContract                     ·                    0.519  ·                │
 ············································|···························|·················
 |  IsolatedGovernance                       ·                    0.084  ·                │
 ············································|···························|·················
 |  MainchainGatewayV2                       ·                   18.321  ·                │
 ············································|···························|·················
 |  MainchainGovernanceAdmin                 ·                   14.893  ·                │
 ············································|···························|·················
 |  Maintenance                              ·                    4.983  ·                │
 ············································|···························|·················
 |  Math                                     ·                    0.084  ·                │
 ············································|···························|·················
 |  MockBridge                               ·                    1.272  ·                │
 ············································|···························|·················
 |  MockForwarderTarget                      ·                    1.312  ·                │
 ············································|···························|·················
 |  MockGatewayForTracking                   ·                    1.309  ·                │
 ············································|···························|·················
 |  MockPaymentFallback                      ·                    0.119  ·                │
 ············································|···························|·················
 |  MockPaymentFallbackExpensive             ·                    0.295  ·                │
 ············································|···························|·················
 |  MockPCUPickValidatorSet                  ·                    1.246  ·                │
 ············································|···························|·················
 |  MockPCUSortValidators                    ·                    1.016  ·                │
 ············································|···························|·················
 |  MockPCUValidateDoubleSign                ·                    0.839  ·                │
 ············································|···························|·················
 |  MockPrecompile                           ·                    3.834  ·                │
 ············································|···························|·················
 |  MockRoninGatewayV2Extended               ·                   21.481  ·                │
 ············································|···························|·················
 |  MockRoninValidatorSetExtended            ·                   27.557  ·                │
 ············································|···························|·················
 |  MockRoninValidatorSetOverridePrecompile  ·                   26.760  ·                │
 ············································|···························|·················
 |  MockSlashIndicatorExtended               ·                   13.380  ·                │
 ············································|···························|·················
 |  MockSorting                              ·                    3.030  ·                │
 ············································|···························|·················
 |  MockStaking                              ·                    4.523  ·                │
 ············································|···························|·················
 |  MockTransfer                             ·                    0.394  ·                │
 ············································|···························|·················
 |  MockValidatorSet                         ·                    8.168  ·                │
 ············································|···························|·················
 |  PauseEnforcer                            ·                    3.783  ·                │
 ············································|···························|·················
 |  Proposal                                 ·                    0.162  ·                │
 ············································|···························|·················
 |  ProxyAdmin                               ·                    1.644  ·                │
 ············································|···························|·················
 |  RoninGatewayV2                           ·                   21.167  ·                │
 ············································|···························|·················
 |  RoninGovernanceAdmin                     ·                   20.005  ·                │
 ············································|···························|·················
 |  RoninTrustedOrganization                 ·                    7.708  ·                │
 ············································|···························|·················
 |  RoninValidatorSet                        ·                   23.204  ·                │
 ············································|···························|·················
 |  SlashIndicator                           ·                   10.272  ·                │
 ············································|···························|·················
 |  Sorting                                  ·                    0.084  ·                │
 ············································|···························|·················
 |  Staking                                  ·                   13.677  ·                │
 ············································|···························|·················
 |  StakingVesting                           ·                    1.982  ·                │
 ············································|···························|·················
 |  StorageSlot                              ·                    0.084  ·                │
 ············································|···························|·················
 |  Strings                                  ·                    0.084  ·                │
 ············································|···························|·················
 |  Token                                    ·                    0.209  ·                │
 ············································|···························|·················
 |  Transfer                                 ·                    0.162  ·                │
 ············································|···························|·················
 |  TransparentUpgradeableProxy              ·                    2.034  ·                │
 ············································|···························|·················
 |  TransparentUpgradeableProxyV2            ·                    2.320  ·                │
 ············································|···························|·················
 |  VaultForwarder                           ·                    3.769  ·                │
 ·-------------------------------------------|---------------------------|----------------·
