 ·-------------------------------------------|---------------------------|----------------·
 |  Solc version: 0.8.17                     ·  Optimizer enabled: true  ·  Runs: 200     │
 ············································|···························|·················
 |  Contract Name                            ·  Size (KiB)               ·  Change (KiB)  │
 ············································|···························|·················
 |  Address                                  ·                    0.084  ·         0.000  │
 ············································|···························|·················
 |  AddressArrayUtils                        ·                    0.084  ·         0.000  │
 ············································|···························|·················
 |  Ballot                                   ·                    0.162  ·         0.000  │
 ············································|···························|·················
 |  BridgeOperatorsBallot                    ·                    0.162  ·         0.000  │
 ············································|···························|·················
 |  BridgeTracking                           ·                    4.514  ·        -0.068  │
 ············································|···························|·················
 |  DelegateGuard                            ·                    0.084  ·         0.000  │
 ············································|···························|·················
 |  ECDSA                                    ·                    0.084  ·         0.000  │
 ············································|···························|·················
 |  EmergencyExitBallot                      ·                    0.162  ·         0.000  │
 ············································|···························|·················
 |  EnumerableSet                            ·                    0.084  ·         0.000  │
 ············································|···························|·················
 |  EnumFlags                                ·                    0.084  ·         0.000  │
 ············································|···························|·················
 |  ERC1967Proxy                             ·                    0.670  ·         0.000  │
 ············································|···························|·················
 |  ERC20                                    ·                    2.121  ·         0.000  │
 ············································|···························|·················
 |  ERC20PresetMinterPauser                  ·                    6.219  ·         0.000  │
 ············································|···························|·················
 |  ErrorHandler                             ·                    0.084  ·         0.000  │
 ············································|···························|·················
 |  Forwarder                                ·                    3.438  ·         0.000  │
 ············································|···························|·················
 |  GlobalProposal                           ·                    0.162  ·         0.000  │
 ············································|···························|·················
 |  HasBridgeContract                        ·                    0.458  ·         0.000  │
 ············································|···························|·················
 |  HasBridgeTrackingContract                ·                    0.458  ·         0.000  │
 ············································|···························|·················
 |  HasMaintenanceContract                   ·                    0.458  ·         0.000  │
 ············································|···························|·················
 |  HasRoninGovernanceAdminContract          ·                    0.458  ·         0.000  │
 ············································|···························|·················
 |  HasRoninTrustedOrganizationContract      ·                    0.458  ·         0.000  │
 ············································|···························|·················
 |  HasSlashIndicatorContract                ·                    0.458  ·         0.000  │
 ············································|···························|·················
 |  HasStakingContract                       ·                    0.458  ·         0.000  │
 ············································|···························|·················
 |  HasStakingVestingContract                ·                    0.458  ·         0.000  │
 ············································|···························|·················
 |  HasValidatorContract                     ·                    0.458  ·         0.000  │
 ············································|···························|·················
 |  IsolatedGovernance                       ·                    0.084  ·         0.000  │
 ············································|···························|·················
 |  MainchainGatewayV2                       ·                   18.510  ·         0.000  │
 ············································|···························|·················
 |  MainchainGovernanceAdmin                 ·                   15.046  ·         0.000  │
 ············································|···························|·················
 |  Maintenance                              ·                    4.877  ·         0.000  │
 ············································|···························|·················
 |  Math                                     ·                    0.084  ·         0.000  │
 ············································|···························|·················
 |  MockBridge                               ·                    1.272  ·         0.000  │
 ············································|···························|·················
 |  MockForwarderTarget                      ·                    1.251  ·         0.000  │
 ············································|···························|·················
 |  MockGatewayForTracking                   ·                    1.267  ·         0.000  │
 ············································|···························|·················
 |  MockPaymentFallback                      ·                    0.119  ·         0.000  │
 ············································|···························|·················
 |  MockPaymentFallbackExpensive             ·                    0.295  ·         0.000  │
 ············································|···························|·················
 |  MockPCUPickValidatorSet                  ·                    1.246  ·         0.000  │
 ············································|···························|·················
 |  MockPCUSortValidators                    ·                    1.016  ·         0.000  │
 ············································|···························|·················
 |  MockPCUValidateDoubleSign                ·                    0.839  ·         0.000  │
 ············································|···························|·················
 |  MockPrecompile                           ·                    3.834  ·         0.000  │
 ············································|···························|·················
 |  MockRoninGatewayV2Extended               ·                   21.729  ·        -0.411  │
 ············································|···························|·················
 |  MockRoninValidatorSetExtended            ·                   27.480  ·        -0.306  │
 ············································|···························|·················
 |  MockRoninValidatorSetOverridePrecompile  ·                   26.684  ·        -0.306  │
 ············································|···························|·················
 |  MockSlashIndicatorExtended               ·                   13.285  ·        -0.117  │
 ············································|···························|·················
 |  MockSorting                              ·                    3.030  ·         0.000  │
 ············································|···························|·················
 |  MockStaking                              ·                    4.523  ·         0.000  │
 ············································|···························|·················
 |  MockTransfer                             ·                    0.394  ·         0.000  │
 ············································|···························|·················
 |  MockValidatorSet                         ·                    8.112  ·        -0.142  │
 ············································|···························|·················
 |  PauseEnforcer                            ·                    3.783  ·         0.000  │
 ············································|···························|·················
 |  Proposal                                 ·                    0.162  ·         0.000  │
 ············································|···························|·················
 |  ProxyAdmin                               ·                    1.644  ·         0.000  │
 ············································|···························|·················
 |  RoninGatewayV2                           ·                   21.414  ·        -0.411  │
 ············································|···························|·················
 |  RoninGovernanceAdmin                     ·                   20.555  ·        -0.207  │
 ············································|···························|·················
 |  RoninTrustedOrganization                 ·                    8.665  ·         0.000  │
 ············································|···························|·················
 |  RoninValidatorSet                        ·                   23.128  ·        -0.263  │
 ············································|···························|·················
 |  SlashIndicator                           ·                   10.178  ·        -0.117  │
 ············································|···························|·················
 |  Sorting                                  ·                    0.084  ·         0.000  │
 ············································|···························|·················
 |  Staking                                  ·                   13.608  ·        -1.308  │
 ············································|···························|·················
 |  StakingVesting                           ·                    1.920  ·        +0.009  │
 ············································|···························|·················
 |  StorageSlot                              ·                    0.084  ·         0.000  │
 ············································|···························|·················
 |  Strings                                  ·                    0.084  ·         0.000  │
 ············································|···························|·················
 |  Token                                    ·                    0.209  ·         0.000  │
 ············································|···························|·················
 |  Transfer                                 ·                    0.162  ·         0.000  │
 ············································|···························|·················
 |  TransparentUpgradeableProxy              ·                    2.034  ·         0.000  │
 ············································|···························|·················
 |  TransparentUpgradeableProxyV2            ·                    2.320  ·         0.000  │
 ············································|···························|·················
 |  VaultForwarder                           ·                    3.756  ·         0.000  │
 ·-------------------------------------------|---------------------------|----------------·
