AccessControl:_roles (storage_slot: 0) (offset: 0) (type: t_mapping(t_bytes32t_struct(RoleData)_storage)) (numberOfBytes: 32)
AccessControlEnumerable:_roles (storage_slot: 0) (offset: 0) (type: t_mapping(t_bytes32t_struct(RoleData)_storage)) (numberOfBytes: 32)
AccessControlEnumerable:_roleMembers (storage_slot: 1) (offset: 0) (type: t_mapping(t_bytes32t_struct(AddressSet)_storage)) (numberOfBytes: 32)
BaseStaking:_status (storage_slot: 0) (offset: 0) (type: t_uint256) (numberOfBytes: 32)
BaseStaking:_accumulatedRps (storage_slot: 1) (offset: 0) (type: t_mapping(t_addresst_mapping(t_uint256t_struct(PeriodWrapper)_storage))) (numberOfBytes: 32)
BaseStaking:_userReward (storage_slot: 2) (offset: 0) (type: t_mapping(t_addresst_mapping(t_addresst_struct(UserRewardFields)_storage))) (numberOfBytes: 32)
BaseStaking:_stakingPool (storage_slot: 3) (offset: 0) (type: t_mapping(t_addresst_struct(PoolFields)_storage)) (numberOfBytes: 32)
BaseStaking:______gap (storage_slot: 4) (offset: 0) (type: t_array(t_uint256)_storage) (numberOfBytes: 1600)
BaseStaking:______deprecatedValidator (storage_slot: 54) (offset: 0) (type: t_address) (numberOfBytes: 20)
BaseStaking:_stakingPool (storage_slot: 55) (offset: 0) (type: t_mapping(t_addresst_struct(PoolDetail)_storage)) (numberOfBytes: 32)
BaseStaking:_cooldownSecsToUndelegate (storage_slot: 56) (offset: 0) (type: t_uint256) (numberOfBytes: 32)
BaseStaking:_waitingSecsToRevoke (storage_slot: 57) (offset: 0) (type: t_uint256) (numberOfBytes: 32)
BaseStaking:_adminOfActivePoolMapping (storage_slot: 58) (offset: 0) (type: t_mapping(t_addresst_address)) (numberOfBytes: 32)
BaseStaking:______gap (storage_slot: 59) (offset: 0) (type: t_array(t_uint256)_storage) (numberOfBytes: 1568)
BridgeReward:_initialized (storage_slot: 0) (offset: 0) (type: t_uint8) (numberOfBytes: 1)
BridgeReward:_initializing (storage_slot: 0) (offset: 1) (type: t_bool) (numberOfBytes: 1)
BridgeSlash:_initialized (storage_slot: 0) (offset: 0) (type: t_uint8) (numberOfBytes: 1)
BridgeSlash:_initializing (storage_slot: 0) (offset: 1) (type: t_bool) (numberOfBytes: 1)
BridgeSlash:_startedAtPeriod (storage_slot: 1) (offset: 0) (type: t_uint256) (numberOfBytes: 32)
BridgeTracking:______deprecatedBridge (storage_slot: 0) (offset: 0) (type: t_address) (numberOfBytes: 20)
BridgeTracking:______deprecatedValidator (storage_slot: 1) (offset: 0) (type: t_address) (numberOfBytes: 20)
BridgeTracking:_initialized (storage_slot: 1) (offset: 20) (type: t_uint8) (numberOfBytes: 1)
BridgeTracking:_initializing (storage_slot: 1) (offset: 21) (type: t_bool) (numberOfBytes: 1)
BridgeTracking:_startedAtBlock (storage_slot: 2) (offset: 0) (type: t_uint256) (numberOfBytes: 32)
BridgeTracking:_bufferMetric (storage_slot: 3) (offset: 0) (type: t_struct(PeriodVotingMetricTimeWrapper)_storage) (numberOfBytes: 192)
BridgeTracking:_periodMetric (storage_slot: 9) (offset: 0) (type: t_mapping(t_uint256t_struct(PeriodVotingMetric)_storage)) (numberOfBytes: 32)
BridgeTracking:_receiptTrackingInfo (storage_slot: 10) (offset: 0) (type: t_mapping(t_enum(VoteKind)t_mapping(t_uint256t_struct(ReceiptTrackingInfo)_storage))) (numberOfBytes: 32)
BridgeTracking:_lastSyncPeriod (storage_slot: 11) (offset: 0) (type: t_uint256) (numberOfBytes: 32)
CandidateManager:______deprecatedStakingContract (storage_slot: 0) (offset: 0) (type: t_address) (numberOfBytes: 20)
CandidateManager:_maxValidatorCandidate (storage_slot: 1) (offset: 0) (type: t_uint256) (numberOfBytes: 32)
CandidateManager:_candidates (storage_slot: 2) (offset: 0) (type: t_array(t_address)dyn_storage) (numberOfBytes: 32)
CandidateManager:_candidateIndex (storage_slot: 3) (offset: 0) (type: t_mapping(t_addresst_uint256)) (numberOfBytes: 32)
CandidateManager:_candidateInfo (storage_slot: 4) (offset: 0) (type: t_mapping(t_addresst_struct(ValidatorCandidate)_storage)) (numberOfBytes: 32)
CandidateManager:_minEffectiveDaysOnwards (storage_slot: 5) (offset: 0) (type: t_uint256) (numberOfBytes: 32)
CandidateManager:_candidateCommissionChangeSchedule (storage_slot: 6) (offset: 0) (type: t_mapping(t_addresst_struct(CommissionSchedule)_storage)) (numberOfBytes: 32)
CandidateManager:______gap (storage_slot: 7) (offset: 0) (type: t_array(t_uint256)_storage) (numberOfBytes: 1536)
CandidateStaking:_status (storage_slot: 0) (offset: 0) (type: t_uint256) (numberOfBytes: 32)
CandidateStaking:_accumulatedRps (storage_slot: 1) (offset: 0) (type: t_mapping(t_addresst_mapping(t_uint256t_struct(PeriodWrapper)_storage))) (numberOfBytes: 32)
CandidateStaking:_userReward (storage_slot: 2) (offset: 0) (type: t_mapping(t_addresst_mapping(t_addresst_struct(UserRewardFields)_storage))) (numberOfBytes: 32)
CandidateStaking:_stakingPool (storage_slot: 3) (offset: 0) (type: t_mapping(t_addresst_struct(PoolFields)_storage)) (numberOfBytes: 32)
CandidateStaking:______gap (storage_slot: 4) (offset: 0) (type: t_array(t_uint256)_storage) (numberOfBytes: 1600)
CandidateStaking:______deprecatedValidator (storage_slot: 54) (offset: 0) (type: t_address) (numberOfBytes: 20)
CandidateStaking:_stakingPool (storage_slot: 55) (offset: 0) (type: t_mapping(t_addresst_struct(PoolDetail)_storage)) (numberOfBytes: 32)
CandidateStaking:_cooldownSecsToUndelegate (storage_slot: 56) (offset: 0) (type: t_uint256) (numberOfBytes: 32)
CandidateStaking:_waitingSecsToRevoke (storage_slot: 57) (offset: 0) (type: t_uint256) (numberOfBytes: 32)
CandidateStaking:_adminOfActivePoolMapping (storage_slot: 58) (offset: 0) (type: t_mapping(t_addresst_address)) (numberOfBytes: 32)
CandidateStaking:______gap (storage_slot: 59) (offset: 0) (type: t_array(t_uint256)_storage) (numberOfBytes: 1568)
CandidateStaking:_minValidatorStakingAmount (storage_slot: 108) (offset: 0) (type: t_uint256) (numberOfBytes: 32)
CandidateStaking:_maxCommissionRate (storage_slot: 109) (offset: 0) (type: t_uint256) (numberOfBytes: 32)
CandidateStaking:_minCommissionRate (storage_slot: 110) (offset: 0) (type: t_uint256) (numberOfBytes: 32)
CandidateStaking:______gap (storage_slot: 111) (offset: 0) (type: t_array(t_uint256)_storage) (numberOfBytes: 1536)
CoinbaseExecution:_numberOfBlocksInEpoch (storage_slot: 0) (offset: 0) (type: t_uint256) (numberOfBytes: 32)
CoinbaseExecution:_lastUpdatedBlock (storage_slot: 1) (offset: 0) (type: t_uint256) (numberOfBytes: 32)
CoinbaseExecution:_lastUpdatedPeriod (storage_slot: 2) (offset: 0) (type: t_uint256) (numberOfBytes: 32)
CoinbaseExecution:_currentPeriodStartAtBlock (storage_slot: 3) (offset: 0) (type: t_uint256) (numberOfBytes: 32)
CoinbaseExecution:_periodOf (storage_slot: 4) (offset: 0) (type: t_mapping(t_uint256t_uint256)) (numberOfBytes: 32)
CoinbaseExecution:______gap (storage_slot: 5) (offset: 0) (type: t_array(t_uint256)_storage) (numberOfBytes: 1568)
CoinbaseExecution:_miningRewardDeprecatedAtPeriod (storage_slot: 54) (offset: 0) (type: t_mapping(t_addresst_mapping(t_uint256t_bool))) (numberOfBytes: 32)
CoinbaseExecution:_miningRewardBailoutCutOffAtPeriod (storage_slot: 55) (offset: 0) (type: t_mapping(t_addresst_mapping(t_uint256t_bool))) (numberOfBytes: 32)
CoinbaseExecution:______deprecatedBridgeRewardDeprecatedAtPeriod (storage_slot: 56) (offset: 0) (type: t_mapping(t_addresst_mapping(t_uint256t_bool))) (numberOfBytes: 32)
CoinbaseExecution:_blockProducerJailedBlock (storage_slot: 57) (offset: 0) (type: t_mapping(t_addresst_uint256)) (numberOfBytes: 32)
CoinbaseExecution:_emergencyExitJailedTimestamp (storage_slot: 58) (offset: 0) (type: t_mapping(t_addresst_uint256)) (numberOfBytes: 32)
CoinbaseExecution:_cannotBailoutUntilBlock (storage_slot: 59) (offset: 0) (type: t_mapping(t_addresst_uint256)) (numberOfBytes: 32)
CoinbaseExecution:______gap (storage_slot: 60) (offset: 0) (type: t_array(t_uint256)_storage) (numberOfBytes: 1536)
CoinbaseExecution:______deprecatedStakingVesting (storage_slot: 108) (offset: 0) (type: t_address) (numberOfBytes: 20)
CoinbaseExecution:______deprecatedBridgeTracking (storage_slot: 109) (offset: 0) (type: t_address) (numberOfBytes: 20)
CoinbaseExecution:______deprecatedMaintenance (storage_slot: 110) (offset: 0) (type: t_address) (numberOfBytes: 20)
CoinbaseExecution:______deprecatedSlashIndicator (storage_slot: 111) (offset: 0) (type: t_address) (numberOfBytes: 20)
CoinbaseExecution:______deprecatedStakingContract (storage_slot: 112) (offset: 0) (type: t_address) (numberOfBytes: 20)
CoinbaseExecution:_maxValidatorCandidate (storage_slot: 113) (offset: 0) (type: t_uint256) (numberOfBytes: 32)
CoinbaseExecution:_candidates (storage_slot: 114) (offset: 0) (type: t_array(t_address)dyn_storage) (numberOfBytes: 32)
CoinbaseExecution:_candidateIndex (storage_slot: 115) (offset: 0) (type: t_mapping(t_addresst_uint256)) (numberOfBytes: 32)
CoinbaseExecution:_candidateInfo (storage_slot: 116) (offset: 0) (type: t_mapping(t_addresst_struct(ValidatorCandidate)_storage)) (numberOfBytes: 32)
CoinbaseExecution:_minEffectiveDaysOnwards (storage_slot: 117) (offset: 0) (type: t_uint256) (numberOfBytes: 32)
CoinbaseExecution:_candidateCommissionChangeSchedule (storage_slot: 118) (offset: 0) (type: t_mapping(t_addresst_struct(CommissionSchedule)_storage)) (numberOfBytes: 32)
CoinbaseExecution:______gap (storage_slot: 119) (offset: 0) (type: t_array(t_uint256)_storage) (numberOfBytes: 1536)
CoinbaseExecution:______deprecatedTrustedOrg (storage_slot: 167) (offset: 0) (type: t_address) (numberOfBytes: 20)
CoinbaseExecution:_maxValidatorNumber (storage_slot: 168) (offset: 0) (type: t_uint256) (numberOfBytes: 32)
CoinbaseExecution:validatorCount (storage_slot: 169) (offset: 0) (type: t_uint256) (numberOfBytes: 32)
CoinbaseExecution:_validators (storage_slot: 170) (offset: 0) (type: t_mapping(t_uint256t_address)) (numberOfBytes: 32)
CoinbaseExecution:_validatorMap (storage_slot: 171) (offset: 0) (type: t_mapping(t_addresst_enum(ValidatorFlag))) (numberOfBytes: 32)
CoinbaseExecution:_maxPrioritizedValidatorNumber (storage_slot: 172) (offset: 0) (type: t_uint256) (numberOfBytes: 32)
CoinbaseExecution:______gap (storage_slot: 173) (offset: 0) (type: t_array(t_uint256)_storage) (numberOfBytes: 1600)
CoinbaseExecution:_miningReward (storage_slot: 223) (offset: 0) (type: t_mapping(t_addresst_uint256)) (numberOfBytes: 32)
CoinbaseExecution:_delegatingReward (storage_slot: 224) (offset: 0) (type: t_mapping(t_addresst_uint256)) (numberOfBytes: 32)
CoinbaseExecution:_totalFastFinalityReward (storage_slot: 225) (offset: 0) (type: t_uint256) (numberOfBytes: 32)
CoinbaseExecution:_fastFinalityReward (storage_slot: 226) (offset: 0) (type: t_mapping(t_addresst_uint256)) (numberOfBytes: 32)
CoinbaseExecution:_totalDeprecatedReward (storage_slot: 227) (offset: 0) (type: t_uint256) (numberOfBytes: 32)
CoinbaseExecution:_emergencyExitLockedAmount (storage_slot: 228) (offset: 0) (type: t_uint256) (numberOfBytes: 32)
CoinbaseExecution:_emergencyExpiryDuration (storage_slot: 229) (offset: 0) (type: t_uint256) (numberOfBytes: 32)
CoinbaseExecution:_lockedConsensusList (storage_slot: 230) (offset: 0) (type: t_array(t_address)dyn_storage) (numberOfBytes: 32)
CoinbaseExecution:_exitInfo (storage_slot: 231) (offset: 0) (type: t_mapping(t_addresst_struct(EmergencyExitInfo)_storage)) (numberOfBytes: 32)
CoinbaseExecution:_lockedFundReleased (storage_slot: 232) (offset: 0) (type: t_mapping(t_addresst_bool)) (numberOfBytes: 32)
CoinbaseExecution:______gap (storage_slot: 233) (offset: 0) (type: t_array(t_uint256)_storage) (numberOfBytes: 1408)
CommonGovernanceProposal:round (storage_slot: 0) (offset: 0) (type: t_mapping(t_uint256t_uint256)) (numberOfBytes: 32)
CommonGovernanceProposal:vote (storage_slot: 1) (offset: 0) (type: t_mapping(t_uint256t_mapping(t_uint256t_struct(ProposalVote)_storage))) (numberOfBytes: 32)
CommonGovernanceProposal:_proposalExpiryDuration (storage_slot: 2) (offset: 0) (type: t_uint256) (numberOfBytes: 32)
CommonGovernanceRelay:round (storage_slot: 0) (offset: 0) (type: t_mapping(t_uint256t_uint256)) (numberOfBytes: 32)
CommonGovernanceRelay:vote (storage_slot: 1) (offset: 0) (type: t_mapping(t_uint256t_mapping(t_uint256t_struct(ProposalVote)_storage))) (numberOfBytes: 32)
CommonGovernanceRelay:_proposalExpiryDuration (storage_slot: 2) (offset: 0) (type: t_uint256) (numberOfBytes: 32)
CommonStorage:_numberOfBlocksInEpoch (storage_slot: 0) (offset: 0) (type: t_uint256) (numberOfBytes: 32)
CommonStorage:_lastUpdatedBlock (storage_slot: 1) (offset: 0) (type: t_uint256) (numberOfBytes: 32)
CommonStorage:_lastUpdatedPeriod (storage_slot: 2) (offset: 0) (type: t_uint256) (numberOfBytes: 32)
CommonStorage:_currentPeriodStartAtBlock (storage_slot: 3) (offset: 0) (type: t_uint256) (numberOfBytes: 32)
CommonStorage:_periodOf (storage_slot: 4) (offset: 0) (type: t_mapping(t_uint256t_uint256)) (numberOfBytes: 32)
CommonStorage:______gap (storage_slot: 5) (offset: 0) (type: t_array(t_uint256)_storage) (numberOfBytes: 1568)
CommonStorage:_miningRewardDeprecatedAtPeriod (storage_slot: 54) (offset: 0) (type: t_mapping(t_addresst_mapping(t_uint256t_bool))) (numberOfBytes: 32)
CommonStorage:_miningRewardBailoutCutOffAtPeriod (storage_slot: 55) (offset: 0) (type: t_mapping(t_addresst_mapping(t_uint256t_bool))) (numberOfBytes: 32)
CommonStorage:______deprecatedBridgeRewardDeprecatedAtPeriod (storage_slot: 56) (offset: 0) (type: t_mapping(t_addresst_mapping(t_uint256t_bool))) (numberOfBytes: 32)
CommonStorage:_blockProducerJailedBlock (storage_slot: 57) (offset: 0) (type: t_mapping(t_addresst_uint256)) (numberOfBytes: 32)
CommonStorage:_emergencyExitJailedTimestamp (storage_slot: 58) (offset: 0) (type: t_mapping(t_addresst_uint256)) (numberOfBytes: 32)
CommonStorage:_cannotBailoutUntilBlock (storage_slot: 59) (offset: 0) (type: t_mapping(t_addresst_uint256)) (numberOfBytes: 32)
CommonStorage:______gap (storage_slot: 60) (offset: 0) (type: t_array(t_uint256)_storage) (numberOfBytes: 1536)
CommonStorage:______deprecatedTrustedOrg (storage_slot: 108) (offset: 0) (type: t_address) (numberOfBytes: 20)
CommonStorage:_maxValidatorNumber (storage_slot: 109) (offset: 0) (type: t_uint256) (numberOfBytes: 32)
CommonStorage:validatorCount (storage_slot: 110) (offset: 0) (type: t_uint256) (numberOfBytes: 32)
CommonStorage:_validators (storage_slot: 111) (offset: 0) (type: t_mapping(t_uint256t_address)) (numberOfBytes: 32)
CommonStorage:_validatorMap (storage_slot: 112) (offset: 0) (type: t_mapping(t_addresst_enum(ValidatorFlag))) (numberOfBytes: 32)
CommonStorage:_maxPrioritizedValidatorNumber (storage_slot: 113) (offset: 0) (type: t_uint256) (numberOfBytes: 32)
CommonStorage:______gap (storage_slot: 114) (offset: 0) (type: t_array(t_uint256)_storage) (numberOfBytes: 1600)
CommonStorage:_miningReward (storage_slot: 164) (offset: 0) (type: t_mapping(t_addresst_uint256)) (numberOfBytes: 32)
CommonStorage:_delegatingReward (storage_slot: 165) (offset: 0) (type: t_mapping(t_addresst_uint256)) (numberOfBytes: 32)
CommonStorage:_totalFastFinalityReward (storage_slot: 166) (offset: 0) (type: t_uint256) (numberOfBytes: 32)
CommonStorage:_fastFinalityReward (storage_slot: 167) (offset: 0) (type: t_mapping(t_addresst_uint256)) (numberOfBytes: 32)
CommonStorage:_totalDeprecatedReward (storage_slot: 168) (offset: 0) (type: t_uint256) (numberOfBytes: 32)
CommonStorage:_emergencyExitLockedAmount (storage_slot: 169) (offset: 0) (type: t_uint256) (numberOfBytes: 32)
CommonStorage:_emergencyExpiryDuration (storage_slot: 170) (offset: 0) (type: t_uint256) (numberOfBytes: 32)
CommonStorage:_lockedConsensusList (storage_slot: 171) (offset: 0) (type: t_array(t_address)dyn_storage) (numberOfBytes: 32)
CommonStorage:_exitInfo (storage_slot: 172) (offset: 0) (type: t_mapping(t_addresst_struct(EmergencyExitInfo)_storage)) (numberOfBytes: 32)
CommonStorage:_lockedFundReleased (storage_slot: 173) (offset: 0) (type: t_mapping(t_addresst_bool)) (numberOfBytes: 32)
CommonStorage:______gap (storage_slot: 174) (offset: 0) (type: t_array(t_uint256)_storage) (numberOfBytes: 1408)
CoreGovernance:round (storage_slot: 0) (offset: 0) (type: t_mapping(t_uint256t_uint256)) (numberOfBytes: 32)
CoreGovernance:vote (storage_slot: 1) (offset: 0) (type: t_mapping(t_uint256t_mapping(t_uint256t_struct(ProposalVote)_storage))) (numberOfBytes: 32)
CoreGovernance:_proposalExpiryDuration (storage_slot: 2) (offset: 0) (type: t_uint256) (numberOfBytes: 32)
CreditScore:______deprecatedValidator (storage_slot: 0) (offset: 0) (type: t_address) (numberOfBytes: 20)
CreditScore:______deprecatedMaintenance (storage_slot: 1) (offset: 0) (type: t_address) (numberOfBytes: 20)
CreditScore:_checkBailedOutAtPeriod (storage_slot: 2) (offset: 0) (type: t_mapping(t_addresst_mapping(t_uint256t_bool))) (numberOfBytes: 32)
CreditScore:_creditScore (storage_slot: 3) (offset: 0) (type: t_mapping(t_addresst_uint256)) (numberOfBytes: 32)
CreditScore:_gainCreditScore (storage_slot: 4) (offset: 0) (type: t_uint256) (numberOfBytes: 32)
CreditScore:_maxCreditScore (storage_slot: 5) (offset: 0) (type: t_uint256) (numberOfBytes: 32)
CreditScore:_bailOutCostMultiplier (storage_slot: 6) (offset: 0) (type: t_uint256) (numberOfBytes: 32)
CreditScore:_cutOffPercentageAfterBailout (storage_slot: 7) (offset: 0) (type: t_uint256) (numberOfBytes: 32)
CreditScore:______gap (storage_slot: 8) (offset: 0) (type: t_array(t_uint256)_storage) (numberOfBytes: 1600)
DelegatorStaking:_status (storage_slot: 0) (offset: 0) (type: t_uint256) (numberOfBytes: 32)
DelegatorStaking:_accumulatedRps (storage_slot: 1) (offset: 0) (type: t_mapping(t_addresst_mapping(t_uint256t_struct(PeriodWrapper)_storage))) (numberOfBytes: 32)
DelegatorStaking:_userReward (storage_slot: 2) (offset: 0) (type: t_mapping(t_addresst_mapping(t_addresst_struct(UserRewardFields)_storage))) (numberOfBytes: 32)
DelegatorStaking:_stakingPool (storage_slot: 3) (offset: 0) (type: t_mapping(t_addresst_struct(PoolFields)_storage)) (numberOfBytes: 32)
DelegatorStaking:______gap (storage_slot: 4) (offset: 0) (type: t_array(t_uint256)_storage) (numberOfBytes: 1600)
DelegatorStaking:______deprecatedValidator (storage_slot: 54) (offset: 0) (type: t_address) (numberOfBytes: 20)
DelegatorStaking:_stakingPool (storage_slot: 55) (offset: 0) (type: t_mapping(t_addresst_struct(PoolDetail)_storage)) (numberOfBytes: 32)
DelegatorStaking:_cooldownSecsToUndelegate (storage_slot: 56) (offset: 0) (type: t_uint256) (numberOfBytes: 32)
DelegatorStaking:_waitingSecsToRevoke (storage_slot: 57) (offset: 0) (type: t_uint256) (numberOfBytes: 32)
DelegatorStaking:_adminOfActivePoolMapping (storage_slot: 58) (offset: 0) (type: t_mapping(t_addresst_address)) (numberOfBytes: 32)
DelegatorStaking:______gap (storage_slot: 59) (offset: 0) (type: t_array(t_uint256)_storage) (numberOfBytes: 1568)
DelegatorStaking:______gap (storage_slot: 108) (offset: 0) (type: t_array(t_uint256)_storage) (numberOfBytes: 1600)
EmergencyExit:_numberOfBlocksInEpoch (storage_slot: 0) (offset: 0) (type: t_uint256) (numberOfBytes: 32)
EmergencyExit:_lastUpdatedBlock (storage_slot: 1) (offset: 0) (type: t_uint256) (numberOfBytes: 32)
EmergencyExit:_lastUpdatedPeriod (storage_slot: 2) (offset: 0) (type: t_uint256) (numberOfBytes: 32)
EmergencyExit:_currentPeriodStartAtBlock (storage_slot: 3) (offset: 0) (type: t_uint256) (numberOfBytes: 32)
EmergencyExit:_periodOf (storage_slot: 4) (offset: 0) (type: t_mapping(t_uint256t_uint256)) (numberOfBytes: 32)
EmergencyExit:______gap (storage_slot: 5) (offset: 0) (type: t_array(t_uint256)_storage) (numberOfBytes: 1568)
EmergencyExit:_miningRewardDeprecatedAtPeriod (storage_slot: 54) (offset: 0) (type: t_mapping(t_addresst_mapping(t_uint256t_bool))) (numberOfBytes: 32)
EmergencyExit:_miningRewardBailoutCutOffAtPeriod (storage_slot: 55) (offset: 0) (type: t_mapping(t_addresst_mapping(t_uint256t_bool))) (numberOfBytes: 32)
EmergencyExit:______deprecatedBridgeRewardDeprecatedAtPeriod (storage_slot: 56) (offset: 0) (type: t_mapping(t_addresst_mapping(t_uint256t_bool))) (numberOfBytes: 32)
EmergencyExit:_blockProducerJailedBlock (storage_slot: 57) (offset: 0) (type: t_mapping(t_addresst_uint256)) (numberOfBytes: 32)
EmergencyExit:_emergencyExitJailedTimestamp (storage_slot: 58) (offset: 0) (type: t_mapping(t_addresst_uint256)) (numberOfBytes: 32)
EmergencyExit:_cannotBailoutUntilBlock (storage_slot: 59) (offset: 0) (type: t_mapping(t_addresst_uint256)) (numberOfBytes: 32)
EmergencyExit:______gap (storage_slot: 60) (offset: 0) (type: t_array(t_uint256)_storage) (numberOfBytes: 1536)
EmergencyExit:______deprecatedStakingContract (storage_slot: 108) (offset: 0) (type: t_address) (numberOfBytes: 20)
EmergencyExit:_maxValidatorCandidate (storage_slot: 109) (offset: 0) (type: t_uint256) (numberOfBytes: 32)
EmergencyExit:_candidates (storage_slot: 110) (offset: 0) (type: t_array(t_address)dyn_storage) (numberOfBytes: 32)
EmergencyExit:_candidateIndex (storage_slot: 111) (offset: 0) (type: t_mapping(t_addresst_uint256)) (numberOfBytes: 32)
EmergencyExit:_candidateInfo (storage_slot: 112) (offset: 0) (type: t_mapping(t_addresst_struct(ValidatorCandidate)_storage)) (numberOfBytes: 32)
EmergencyExit:_minEffectiveDaysOnwards (storage_slot: 113) (offset: 0) (type: t_uint256) (numberOfBytes: 32)
EmergencyExit:_candidateCommissionChangeSchedule (storage_slot: 114) (offset: 0) (type: t_mapping(t_addresst_struct(CommissionSchedule)_storage)) (numberOfBytes: 32)
EmergencyExit:______gap (storage_slot: 115) (offset: 0) (type: t_array(t_uint256)_storage) (numberOfBytes: 1536)
EmergencyExit:______deprecatedTrustedOrg (storage_slot: 163) (offset: 0) (type: t_address) (numberOfBytes: 20)
EmergencyExit:_maxValidatorNumber (storage_slot: 164) (offset: 0) (type: t_uint256) (numberOfBytes: 32)
EmergencyExit:validatorCount (storage_slot: 165) (offset: 0) (type: t_uint256) (numberOfBytes: 32)
EmergencyExit:_validators (storage_slot: 166) (offset: 0) (type: t_mapping(t_uint256t_address)) (numberOfBytes: 32)
EmergencyExit:_validatorMap (storage_slot: 167) (offset: 0) (type: t_mapping(t_addresst_enum(ValidatorFlag))) (numberOfBytes: 32)
EmergencyExit:_maxPrioritizedValidatorNumber (storage_slot: 168) (offset: 0) (type: t_uint256) (numberOfBytes: 32)
EmergencyExit:______gap (storage_slot: 169) (offset: 0) (type: t_array(t_uint256)_storage) (numberOfBytes: 1600)
EmergencyExit:_miningReward (storage_slot: 219) (offset: 0) (type: t_mapping(t_addresst_uint256)) (numberOfBytes: 32)
EmergencyExit:_delegatingReward (storage_slot: 220) (offset: 0) (type: t_mapping(t_addresst_uint256)) (numberOfBytes: 32)
EmergencyExit:_totalFastFinalityReward (storage_slot: 221) (offset: 0) (type: t_uint256) (numberOfBytes: 32)
EmergencyExit:_fastFinalityReward (storage_slot: 222) (offset: 0) (type: t_mapping(t_addresst_uint256)) (numberOfBytes: 32)
EmergencyExit:_totalDeprecatedReward (storage_slot: 223) (offset: 0) (type: t_uint256) (numberOfBytes: 32)
EmergencyExit:_emergencyExitLockedAmount (storage_slot: 224) (offset: 0) (type: t_uint256) (numberOfBytes: 32)
EmergencyExit:_emergencyExpiryDuration (storage_slot: 225) (offset: 0) (type: t_uint256) (numberOfBytes: 32)
EmergencyExit:_lockedConsensusList (storage_slot: 226) (offset: 0) (type: t_array(t_address)dyn_storage) (numberOfBytes: 32)
EmergencyExit:_exitInfo (storage_slot: 227) (offset: 0) (type: t_mapping(t_addresst_struct(EmergencyExitInfo)_storage)) (numberOfBytes: 32)
EmergencyExit:_lockedFundReleased (storage_slot: 228) (offset: 0) (type: t_mapping(t_addresst_bool)) (numberOfBytes: 32)
EmergencyExit:______gap (storage_slot: 229) (offset: 0) (type: t_array(t_uint256)_storage) (numberOfBytes: 1408)
ERC20:_balances (storage_slot: 0) (offset: 0) (type: t_mapping(t_addresst_uint256)) (numberOfBytes: 32)
ERC20:_allowances (storage_slot: 1) (offset: 0) (type: t_mapping(t_addresst_mapping(t_addresst_uint256))) (numberOfBytes: 32)
ERC20:_totalSupply (storage_slot: 2) (offset: 0) (type: t_uint256) (numberOfBytes: 32)
ERC20:_name (storage_slot: 3) (offset: 0) (type: t_string_storage) (numberOfBytes: 32)
ERC20:_symbol (storage_slot: 4) (offset: 0) (type: t_string_storage) (numberOfBytes: 32)
ERC20Burnable:_balances (storage_slot: 0) (offset: 0) (type: t_mapping(t_addresst_uint256)) (numberOfBytes: 32)
ERC20Burnable:_allowances (storage_slot: 1) (offset: 0) (type: t_mapping(t_addresst_mapping(t_addresst_uint256))) (numberOfBytes: 32)
ERC20Burnable:_totalSupply (storage_slot: 2) (offset: 0) (type: t_uint256) (numberOfBytes: 32)
ERC20Burnable:_name (storage_slot: 3) (offset: 0) (type: t_string_storage) (numberOfBytes: 32)
ERC20Burnable:_symbol (storage_slot: 4) (offset: 0) (type: t_string_storage) (numberOfBytes: 32)
ERC20Pausable:_balances (storage_slot: 0) (offset: 0) (type: t_mapping(t_addresst_uint256)) (numberOfBytes: 32)
ERC20Pausable:_allowances (storage_slot: 1) (offset: 0) (type: t_mapping(t_addresst_mapping(t_addresst_uint256))) (numberOfBytes: 32)
ERC20Pausable:_totalSupply (storage_slot: 2) (offset: 0) (type: t_uint256) (numberOfBytes: 32)
ERC20Pausable:_name (storage_slot: 3) (offset: 0) (type: t_string_storage) (numberOfBytes: 32)
ERC20Pausable:_symbol (storage_slot: 4) (offset: 0) (type: t_string_storage) (numberOfBytes: 32)
ERC20Pausable:_paused (storage_slot: 5) (offset: 0) (type: t_bool) (numberOfBytes: 1)
ERC20PresetMinterPauser:_roles (storage_slot: 0) (offset: 0) (type: t_mapping(t_bytes32t_struct(RoleData)_storage)) (numberOfBytes: 32)
ERC20PresetMinterPauser:_roleMembers (storage_slot: 1) (offset: 0) (type: t_mapping(t_bytes32t_struct(AddressSet)_storage)) (numberOfBytes: 32)
ERC20PresetMinterPauser:_balances (storage_slot: 2) (offset: 0) (type: t_mapping(t_addresst_uint256)) (numberOfBytes: 32)
ERC20PresetMinterPauser:_allowances (storage_slot: 3) (offset: 0) (type: t_mapping(t_addresst_mapping(t_addresst_uint256))) (numberOfBytes: 32)
ERC20PresetMinterPauser:_totalSupply (storage_slot: 4) (offset: 0) (type: t_uint256) (numberOfBytes: 32)
ERC20PresetMinterPauser:_name (storage_slot: 5) (offset: 0) (type: t_string_storage) (numberOfBytes: 32)
ERC20PresetMinterPauser:_symbol (storage_slot: 6) (offset: 0) (type: t_string_storage) (numberOfBytes: 32)
ERC20PresetMinterPauser:_paused (storage_slot: 7) (offset: 0) (type: t_bool) (numberOfBytes: 1)
FastFinalityTracking:_initialized (storage_slot: 0) (offset: 0) (type: t_uint8) (numberOfBytes: 1)
FastFinalityTracking:_initializing (storage_slot: 0) (offset: 1) (type: t_bool) (numberOfBytes: 1)
FastFinalityTracking:_tracker (storage_slot: 1) (offset: 0) (type: t_mapping(t_uint256t_mapping(t_addresst_uint256))) (numberOfBytes: 32)
FastFinalityTracking:_latestTrackingBlock (storage_slot: 2) (offset: 0) (type: t_uint256) (numberOfBytes: 32)
Forwarder:_roles (storage_slot: 0) (offset: 0) (type: t_mapping(t_bytes32t_struct(RoleData)_storage)) (numberOfBytes: 32)
Forwarder:_roleMembers (storage_slot: 1) (offset: 0) (type: t_mapping(t_bytes32t_struct(AddressSet)_storage)) (numberOfBytes: 32)
GatewayV3:_paused (storage_slot: 0) (offset: 0) (type: t_bool) (numberOfBytes: 1)
GatewayV3:_num (storage_slot: 1) (offset: 0) (type: t_uint256) (numberOfBytes: 32)
GatewayV3:_denom (storage_slot: 2) (offset: 0) (type: t_uint256) (numberOfBytes: 32)
GatewayV3:______deprecated (storage_slot: 3) (offset: 0) (type: t_address) (numberOfBytes: 20)
GatewayV3:nonce (storage_slot: 4) (offset: 0) (type: t_uint256) (numberOfBytes: 32)
GatewayV3:emergencyPauser (storage_slot: 5) (offset: 0) (type: t_address) (numberOfBytes: 20)
GatewayV3:______gap (storage_slot: 6) (offset: 0) (type: t_array(t_uint256)_storage) (numberOfBytes: 1568)
GlobalCoreGovernance:round (storage_slot: 0) (offset: 0) (type: t_mapping(t_uint256t_uint256)) (numberOfBytes: 32)
GlobalCoreGovernance:vote (storage_slot: 1) (offset: 0) (type: t_mapping(t_uint256t_mapping(t_uint256t_struct(ProposalVote)_storage))) (numberOfBytes: 32)
GlobalCoreGovernance:_proposalExpiryDuration (storage_slot: 2) (offset: 0) (type: t_uint256) (numberOfBytes: 32)
GlobalCoreGovernance:_targetOptionsMap (storage_slot: 3) (offset: 0) (type: t_mapping(t_enum(TargetOption)t_address)) (numberOfBytes: 32)
GlobalGovernanceProposal:round (storage_slot: 0) (offset: 0) (type: t_mapping(t_uint256t_uint256)) (numberOfBytes: 32)
GlobalGovernanceProposal:vote (storage_slot: 1) (offset: 0) (type: t_mapping(t_uint256t_mapping(t_uint256t_struct(ProposalVote)_storage))) (numberOfBytes: 32)
GlobalGovernanceProposal:_proposalExpiryDuration (storage_slot: 2) (offset: 0) (type: t_uint256) (numberOfBytes: 32)
GlobalGovernanceProposal:_targetOptionsMap (storage_slot: 3) (offset: 0) (type: t_mapping(t_enum(TargetOption)t_address)) (numberOfBytes: 32)
GlobalGovernanceRelay:round (storage_slot: 0) (offset: 0) (type: t_mapping(t_uint256t_uint256)) (numberOfBytes: 32)
GlobalGovernanceRelay:vote (storage_slot: 1) (offset: 0) (type: t_mapping(t_uint256t_mapping(t_uint256t_struct(ProposalVote)_storage))) (numberOfBytes: 32)
GlobalGovernanceRelay:_proposalExpiryDuration (storage_slot: 2) (offset: 0) (type: t_uint256) (numberOfBytes: 32)
GlobalGovernanceRelay:_targetOptionsMap (storage_slot: 3) (offset: 0) (type: t_mapping(t_enum(TargetOption)t_address)) (numberOfBytes: 32)
GovernanceAdmin:round (storage_slot: 0) (offset: 0) (type: t_mapping(t_uint256t_uint256)) (numberOfBytes: 32)
GovernanceAdmin:vote (storage_slot: 1) (offset: 0) (type: t_mapping(t_uint256t_mapping(t_uint256t_struct(ProposalVote)_storage))) (numberOfBytes: 32)
GovernanceAdmin:_proposalExpiryDuration (storage_slot: 2) (offset: 0) (type: t_uint256) (numberOfBytes: 32)
GovernanceAdmin:______deprecatedGovernanceAdmin (storage_slot: 3) (offset: 0) (type: t_address) (numberOfBytes: 20)
GovernanceAdmin:______deprecatedBridge (storage_slot: 4) (offset: 0) (type: t_address) (numberOfBytes: 20)
GovernanceAdmin:roninChainId (storage_slot: 5) (offset: 0) (type: t_uint256) (numberOfBytes: 32)
GovernanceAdmin:DOMAIN_SEPARATOR (storage_slot: 6) (offset: 0) (type: t_bytes32) (numberOfBytes: 32)
GovernanceProposal:round (storage_slot: 0) (offset: 0) (type: t_mapping(t_uint256t_uint256)) (numberOfBytes: 32)
GovernanceProposal:vote (storage_slot: 1) (offset: 0) (type: t_mapping(t_uint256t_mapping(t_uint256t_struct(ProposalVote)_storage))) (numberOfBytes: 32)
GovernanceProposal:_proposalExpiryDuration (storage_slot: 2) (offset: 0) (type: t_uint256) (numberOfBytes: 32)
GovernanceRelay:round (storage_slot: 0) (offset: 0) (type: t_mapping(t_uint256t_uint256)) (numberOfBytes: 32)
GovernanceRelay:vote (storage_slot: 1) (offset: 0) (type: t_mapping(t_uint256t_mapping(t_uint256t_struct(ProposalVote)_storage))) (numberOfBytes: 32)
GovernanceRelay:_proposalExpiryDuration (storage_slot: 2) (offset: 0) (type: t_uint256) (numberOfBytes: 32)
HasBridgeDeprecated:______deprecatedBridge (storage_slot: 0) (offset: 0) (type: t_address) (numberOfBytes: 20)
HasBridgeTrackingDeprecated:______deprecatedBridgeTracking (storage_slot: 0) (offset: 0) (type: t_address) (numberOfBytes: 20)
HasGovernanceAdminDeprecated:______deprecatedGovernanceAdmin (storage_slot: 0) (offset: 0) (type: t_address) (numberOfBytes: 20)
HasMaintenanceDeprecated:______deprecatedMaintenance (storage_slot: 0) (offset: 0) (type: t_address) (numberOfBytes: 20)
HasSlashIndicatorDeprecated:______deprecatedSlashIndicator (storage_slot: 0) (offset: 0) (type: t_address) (numberOfBytes: 20)
HasStakingDeprecated:______deprecatedStakingContract (storage_slot: 0) (offset: 0) (type: t_address) (numberOfBytes: 20)
HasStakingVestingDeprecated:______deprecatedStakingVesting (storage_slot: 0) (offset: 0) (type: t_address) (numberOfBytes: 20)
HasTrustedOrgDeprecated:______deprecatedTrustedOrg (storage_slot: 0) (offset: 0) (type: t_address) (numberOfBytes: 20)
HasValidatorDeprecated:______deprecatedValidator (storage_slot: 0) (offset: 0) (type: t_address) (numberOfBytes: 20)
Initializable:_initialized (storage_slot: 0) (offset: 0) (type: t_uint8) (numberOfBytes: 1)
Initializable:_initializing (storage_slot: 0) (offset: 1) (type: t_bool) (numberOfBytes: 1)
JailingStorage:_miningRewardDeprecatedAtPeriod (storage_slot: 0) (offset: 0) (type: t_mapping(t_addresst_mapping(t_uint256t_bool))) (numberOfBytes: 32)
JailingStorage:_miningRewardBailoutCutOffAtPeriod (storage_slot: 1) (offset: 0) (type: t_mapping(t_addresst_mapping(t_uint256t_bool))) (numberOfBytes: 32)
JailingStorage:______deprecatedBridgeRewardDeprecatedAtPeriod (storage_slot: 2) (offset: 0) (type: t_mapping(t_addresst_mapping(t_uint256t_bool))) (numberOfBytes: 32)
JailingStorage:_blockProducerJailedBlock (storage_slot: 3) (offset: 0) (type: t_mapping(t_addresst_uint256)) (numberOfBytes: 32)
JailingStorage:_emergencyExitJailedTimestamp (storage_slot: 4) (offset: 0) (type: t_mapping(t_addresst_uint256)) (numberOfBytes: 32)
JailingStorage:_cannotBailoutUntilBlock (storage_slot: 5) (offset: 0) (type: t_mapping(t_addresst_uint256)) (numberOfBytes: 32)
JailingStorage:______gap (storage_slot: 6) (offset: 0) (type: t_array(t_uint256)_storage) (numberOfBytes: 1536)
MainchainBridgeManager:round (storage_slot: 0) (offset: 0) (type: t_mapping(t_uint256t_uint256)) (numberOfBytes: 32)
MainchainBridgeManager:vote (storage_slot: 1) (offset: 0) (type: t_mapping(t_uint256t_mapping(t_uint256t_struct(ProposalVote)_storage))) (numberOfBytes: 32)
MainchainBridgeManager:_proposalExpiryDuration (storage_slot: 2) (offset: 0) (type: t_uint256) (numberOfBytes: 32)
MainchainBridgeManager:_targetOptionsMap (storage_slot: 3) (offset: 0) (type: t_mapping(t_enum(TargetOption)t_address)) (numberOfBytes: 32)
MainchainGatewayV3:_paused (storage_slot: 0) (offset: 0) (type: t_bool) (numberOfBytes: 1)
MainchainGatewayV3:_num (storage_slot: 1) (offset: 0) (type: t_uint256) (numberOfBytes: 32)
MainchainGatewayV3:_denom (storage_slot: 2) (offset: 0) (type: t_uint256) (numberOfBytes: 32)
MainchainGatewayV3:______deprecated (storage_slot: 3) (offset: 0) (type: t_address) (numberOfBytes: 20)
MainchainGatewayV3:nonce (storage_slot: 4) (offset: 0) (type: t_uint256) (numberOfBytes: 32)
MainchainGatewayV3:emergencyPauser (storage_slot: 5) (offset: 0) (type: t_address) (numberOfBytes: 20)
MainchainGatewayV3:______gap (storage_slot: 6) (offset: 0) (type: t_array(t_uint256)_storage) (numberOfBytes: 1568)
MainchainGatewayV3:_highTierVWNum (storage_slot: 55) (offset: 0) (type: t_uint256) (numberOfBytes: 32)
MainchainGatewayV3:_highTierVWDenom (storage_slot: 56) (offset: 0) (type: t_uint256) (numberOfBytes: 32)
MainchainGatewayV3:highTierThreshold (storage_slot: 57) (offset: 0) (type: t_mapping(t_addresst_uint256)) (numberOfBytes: 32)
MainchainGatewayV3:lockedThreshold (storage_slot: 58) (offset: 0) (type: t_mapping(t_addresst_uint256)) (numberOfBytes: 32)
MainchainGatewayV3:unlockFeePercentages (storage_slot: 59) (offset: 0) (type: t_mapping(t_addresst_uint256)) (numberOfBytes: 32)
MainchainGatewayV3:dailyWithdrawalLimit (storage_slot: 60) (offset: 0) (type: t_mapping(t_addresst_uint256)) (numberOfBytes: 32)
MainchainGatewayV3:lastSyncedWithdrawal (storage_slot: 61) (offset: 0) (type: t_mapping(t_addresst_uint256)) (numberOfBytes: 32)
MainchainGatewayV3:lastDateSynced (storage_slot: 62) (offset: 0) (type: t_mapping(t_addresst_uint256)) (numberOfBytes: 32)
MainchainGatewayV3:______gap (storage_slot: 63) (offset: 0) (type: t_array(t_uint256)_storage) (numberOfBytes: 1600)
MainchainGatewayV3:_initialized (storage_slot: 113) (offset: 0) (type: t_uint8) (numberOfBytes: 1)
MainchainGatewayV3:_initializing (storage_slot: 113) (offset: 1) (type: t_bool) (numberOfBytes: 1)
MainchainGatewayV3:_roles (storage_slot: 114) (offset: 0) (type: t_mapping(t_bytes32t_struct(RoleData)_storage)) (numberOfBytes: 32)
MainchainGatewayV3:_roleMembers (storage_slot: 115) (offset: 0) (type: t_mapping(t_bytes32t_struct(AddressSet)_storage)) (numberOfBytes: 32)
MainchainGatewayV3:wrappedNativeToken (storage_slot: 116) (offset: 0) (type: t_contract(IWETH)) (numberOfBytes: 20)
MainchainGatewayV3:roninChainId (storage_slot: 117) (offset: 0) (type: t_uint256) (numberOfBytes: 32)
MainchainGatewayV3:depositCount (storage_slot: 118) (offset: 0) (type: t_uint256) (numberOfBytes: 32)
MainchainGatewayV3:_domainSeparator (storage_slot: 119) (offset: 0) (type: t_bytes32) (numberOfBytes: 32)
MainchainGatewayV3:_roninToken (storage_slot: 120) (offset: 0) (type: t_mapping(t_addresst_struct(MappedToken)_storage)) (numberOfBytes: 32)
MainchainGatewayV3:withdrawalHash (storage_slot: 121) (offset: 0) (type: t_mapping(t_uint256t_bytes32)) (numberOfBytes: 32)
MainchainGatewayV3:withdrawalLocked (storage_slot: 122) (offset: 0) (type: t_mapping(t_uint256t_bool)) (numberOfBytes: 32)
MainchainGatewayV3:______deprecatedBridgeOperatorAddedBlock (storage_slot: 123) (offset: 0) (type: t_uint256) (numberOfBytes: 32)
MainchainGatewayV3:______deprecatedBridgeOperators (storage_slot: 124) (offset: 0) (type: t_uint256) (numberOfBytes: 32)
Maintenance:______deprecatedValidator (storage_slot: 0) (offset: 0) (type: t_address) (numberOfBytes: 20)
Maintenance:_initialized (storage_slot: 0) (offset: 20) (type: t_uint8) (numberOfBytes: 1)
Maintenance:_initializing (storage_slot: 0) (offset: 21) (type: t_bool) (numberOfBytes: 1)
Maintenance:_schedule (storage_slot: 1) (offset: 0) (type: t_mapping(t_addresst_struct(Schedule)_storage)) (numberOfBytes: 32)
Maintenance:minMaintenanceDurationInBlock (storage_slot: 2) (offset: 0) (type: t_uint256) (numberOfBytes: 32)
Maintenance:maxMaintenanceDurationInBlock (storage_slot: 3) (offset: 0) (type: t_uint256) (numberOfBytes: 32)
Maintenance:minOffsetToStartSchedule (storage_slot: 4) (offset: 0) (type: t_uint256) (numberOfBytes: 32)
Maintenance:maxOffsetToStartSchedule (storage_slot: 5) (offset: 0) (type: t_uint256) (numberOfBytes: 32)
Maintenance:maxSchedule (storage_slot: 6) (offset: 0) (type: t_uint256) (numberOfBytes: 32)
Maintenance:cooldownSecsToMaintain (storage_slot: 7) (offset: 0) (type: t_uint256) (numberOfBytes: 32)
MinimumWithdrawal:minimumThreshold (storage_slot: 0) (offset: 0) (type: t_mapping(t_addresst_uint256)) (numberOfBytes: 32)
MinimumWithdrawal:______gap (storage_slot: 1) (offset: 0) (type: t_array(t_uint256)_storage) (numberOfBytes: 1600)
MockActor:_target (storage_slot: 0) (offset: 0) (type: t_address) (numberOfBytes: 20)
MockBridge:bridgeOperatorAddedBlock (storage_slot: 0) (offset: 0) (type: t_mapping(t_addresst_uint256)) (numberOfBytes: 32)
MockBridge:bridgeOperators (storage_slot: 1) (offset: 0) (type: t_array(t_address)dyn_storage) (numberOfBytes: 32)
MockBridgeReward:_initialized (storage_slot: 0) (offset: 0) (type: t_uint8) (numberOfBytes: 1)
MockBridgeReward:_initializing (storage_slot: 0) (offset: 1) (type: t_bool) (numberOfBytes: 1)
MockBridgeSlash:_initialized (storage_slot: 0) (offset: 0) (type: t_uint8) (numberOfBytes: 1)
MockBridgeSlash:_initializing (storage_slot: 0) (offset: 1) (type: t_bool) (numberOfBytes: 1)
MockBridgeSlash:_startedAtPeriod (storage_slot: 1) (offset: 0) (type: t_uint256) (numberOfBytes: 32)
MockForwarderTarget:owner (storage_slot: 0) (offset: 0) (type: t_address) (numberOfBytes: 20)
MockForwarderTarget:data (storage_slot: 1) (offset: 0) (type: t_uint256) (numberOfBytes: 32)
MockGatewayForTracking:______deprecatedBridgeTracking (storage_slot: 0) (offset: 0) (type: t_address) (numberOfBytes: 20)
MockLogicBase:_value (storage_slot: 0) (offset: 0) (type: t_uint256) (numberOfBytes: 32)
MockLogicV1:_value (storage_slot: 0) (offset: 0) (type: t_uint256) (numberOfBytes: 32)
MockLogicV2:_value (storage_slot: 0) (offset: 0) (type: t_uint256) (numberOfBytes: 32)
MockLogicValidatorSetCore:_lastUpdatedPeriod (storage_slot: 0) (offset: 0) (type: t_uint256) (numberOfBytes: 32)
MockLogicValidatorSetV1:_lastUpdatedPeriod (storage_slot: 0) (offset: 0) (type: t_uint256) (numberOfBytes: 32)
MockLogicValidatorSetV2:_lastUpdatedPeriod (storage_slot: 0) (offset: 0) (type: t_uint256) (numberOfBytes: 32)
MockPaymentFallbackExpensive:array (storage_slot: 0) (offset: 0) (type: t_array(t_uint256)dyn_storage) (numberOfBytes: 32)
MockPCUPickValidatorSet:_precompileSortValidatorAddress (storage_slot: 0) (offset: 0) (type: t_address) (numberOfBytes: 20)
MockPCUSortValidators:_precompileSortValidatorAddress (storage_slot: 0) (offset: 0) (type: t_address) (numberOfBytes: 20)
MockPCUValidateDoubleSign:_precompileValidateDoubleSignAddress (storage_slot: 0) (offset: 0) (type: t_address) (numberOfBytes: 20)
MockPCUValidateFastFinality:_precompileValidateFastFinalityAddress (storage_slot: 0) (offset: 0) (type: t_address) (numberOfBytes: 20)
MockRoninBridgeManager:round (storage_slot: 0) (offset: 0) (type: t_mapping(t_uint256t_uint256)) (numberOfBytes: 32)
MockRoninBridgeManager:vote (storage_slot: 1) (offset: 0) (type: t_mapping(t_uint256t_mapping(t_uint256t_struct(ProposalVote)_storage))) (numberOfBytes: 32)
MockRoninBridgeManager:_proposalExpiryDuration (storage_slot: 2) (offset: 0) (type: t_uint256) (numberOfBytes: 32)
MockRoninBridgeManager:_targetOptionsMap (storage_slot: 3) (offset: 0) (type: t_mapping(t_enum(TargetOption)t_address)) (numberOfBytes: 32)
MockRoninGatewayV3Extended:_paused (storage_slot: 0) (offset: 0) (type: t_bool) (numberOfBytes: 1)
MockRoninGatewayV3Extended:_num (storage_slot: 1) (offset: 0) (type: t_uint256) (numberOfBytes: 32)
MockRoninGatewayV3Extended:_denom (storage_slot: 2) (offset: 0) (type: t_uint256) (numberOfBytes: 32)
MockRoninGatewayV3Extended:______deprecated (storage_slot: 3) (offset: 0) (type: t_address) (numberOfBytes: 20)
MockRoninGatewayV3Extended:nonce (storage_slot: 4) (offset: 0) (type: t_uint256) (numberOfBytes: 32)
MockRoninGatewayV3Extended:emergencyPauser (storage_slot: 5) (offset: 0) (type: t_address) (numberOfBytes: 20)
MockRoninGatewayV3Extended:______gap (storage_slot: 6) (offset: 0) (type: t_array(t_uint256)_storage) (numberOfBytes: 1568)
MockRoninGatewayV3Extended:_initialized (storage_slot: 55) (offset: 0) (type: t_uint8) (numberOfBytes: 1)
MockRoninGatewayV3Extended:_initializing (storage_slot: 55) (offset: 1) (type: t_bool) (numberOfBytes: 1)
MockRoninGatewayV3Extended:minimumThreshold (storage_slot: 56) (offset: 0) (type: t_mapping(t_addresst_uint256)) (numberOfBytes: 32)
MockRoninGatewayV3Extended:______gap (storage_slot: 57) (offset: 0) (type: t_array(t_uint256)_storage) (numberOfBytes: 1600)
MockRoninGatewayV3Extended:_roles (storage_slot: 107) (offset: 0) (type: t_mapping(t_bytes32t_struct(RoleData)_storage)) (numberOfBytes: 32)
MockRoninGatewayV3Extended:_roleMembers (storage_slot: 108) (offset: 0) (type: t_mapping(t_bytes32t_struct(AddressSet)_storage)) (numberOfBytes: 32)
MockRoninGatewayV3Extended:___deprecated4 (storage_slot: 109) (offset: 0) (type: t_bool) (numberOfBytes: 1)
MockRoninGatewayV3Extended:withdrawalCount (storage_slot: 110) (offset: 0) (type: t_uint256) (numberOfBytes: 32)
MockRoninGatewayV3Extended:depositVote (storage_slot: 111) (offset: 0) (type: t_mapping(t_uint256t_mapping(t_uint256t_struct(Vote)_storage))) (numberOfBytes: 32)
MockRoninGatewayV3Extended:mainchainWithdrewVote (storage_slot: 112) (offset: 0) (type: t_mapping(t_uint256t_struct(Vote)_storage)) (numberOfBytes: 32)
MockRoninGatewayV3Extended:withdrawal (storage_slot: 113) (offset: 0) (type: t_mapping(t_uint256t_struct(Receipt)_storage)) (numberOfBytes: 32)
MockRoninGatewayV3Extended:_withdrawalSig (storage_slot: 114) (offset: 0) (type: t_mapping(t_uint256t_mapping(t_addresst_bytes_storage))) (numberOfBytes: 32)
MockRoninGatewayV3Extended:_mainchainToken (storage_slot: 115) (offset: 0) (type: t_mapping(t_addresst_mapping(t_uint256t_struct(MappedToken)_storage))) (numberOfBytes: 32)
MockRoninGatewayV3Extended:____deprecated0 (storage_slot: 116) (offset: 0) (type: t_address) (numberOfBytes: 20)
MockRoninGatewayV3Extended:____deprecated1 (storage_slot: 117) (offset: 0) (type: t_address) (numberOfBytes: 20)
MockRoninGatewayV3Extended:withdrawalStatVote (storage_slot: 118) (offset: 0) (type: t_mapping(t_uint256t_struct(Vote)_storage)) (numberOfBytes: 32)
MockRoninGatewayV3Extended:____deprecated2 (storage_slot: 119) (offset: 0) (type: t_address) (numberOfBytes: 20)
MockRoninGatewayV3Extended:_trustedNum (storage_slot: 120) (offset: 0) (type: t_uint256) (numberOfBytes: 32)
MockRoninGatewayV3Extended:_trustedDenom (storage_slot: 121) (offset: 0) (type: t_uint256) (numberOfBytes: 32)
MockRoninValidatorSetExtended:_initialized (storage_slot: 0) (offset: 0) (type: t_uint8) (numberOfBytes: 1)
MockRoninValidatorSetExtended:_initializing (storage_slot: 0) (offset: 1) (type: t_bool) (numberOfBytes: 1)
MockRoninValidatorSetExtended:_numberOfBlocksInEpoch (storage_slot: 1) (offset: 0) (type: t_uint256) (numberOfBytes: 32)
MockRoninValidatorSetExtended:_lastUpdatedBlock (storage_slot: 2) (offset: 0) (type: t_uint256) (numberOfBytes: 32)
MockRoninValidatorSetExtended:_lastUpdatedPeriod (storage_slot: 3) (offset: 0) (type: t_uint256) (numberOfBytes: 32)
MockRoninValidatorSetExtended:_currentPeriodStartAtBlock (storage_slot: 4) (offset: 0) (type: t_uint256) (numberOfBytes: 32)
MockRoninValidatorSetExtended:_periodOf (storage_slot: 5) (offset: 0) (type: t_mapping(t_uint256t_uint256)) (numberOfBytes: 32)
MockRoninValidatorSetExtended:______gap (storage_slot: 6) (offset: 0) (type: t_array(t_uint256)_storage) (numberOfBytes: 1568)
MockRoninValidatorSetExtended:_miningRewardDeprecatedAtPeriod (storage_slot: 55) (offset: 0) (type: t_mapping(t_addresst_mapping(t_uint256t_bool))) (numberOfBytes: 32)
MockRoninValidatorSetExtended:_miningRewardBailoutCutOffAtPeriod (storage_slot: 56) (offset: 0) (type: t_mapping(t_addresst_mapping(t_uint256t_bool))) (numberOfBytes: 32)
MockRoninValidatorSetExtended:______deprecatedBridgeRewardDeprecatedAtPeriod (storage_slot: 57) (offset: 0) (type: t_mapping(t_addresst_mapping(t_uint256t_bool))) (numberOfBytes: 32)
MockRoninValidatorSetExtended:_blockProducerJailedBlock (storage_slot: 58) (offset: 0) (type: t_mapping(t_addresst_uint256)) (numberOfBytes: 32)
MockRoninValidatorSetExtended:_emergencyExitJailedTimestamp (storage_slot: 59) (offset: 0) (type: t_mapping(t_addresst_uint256)) (numberOfBytes: 32)
MockRoninValidatorSetExtended:_cannotBailoutUntilBlock (storage_slot: 60) (offset: 0) (type: t_mapping(t_addresst_uint256)) (numberOfBytes: 32)
MockRoninValidatorSetExtended:______gap (storage_slot: 61) (offset: 0) (type: t_array(t_uint256)_storage) (numberOfBytes: 1536)
MockRoninValidatorSetExtended:______deprecatedStakingVesting (storage_slot: 109) (offset: 0) (type: t_address) (numberOfBytes: 20)
MockRoninValidatorSetExtended:______deprecatedBridgeTracking (storage_slot: 110) (offset: 0) (type: t_address) (numberOfBytes: 20)
MockRoninValidatorSetExtended:______deprecatedMaintenance (storage_slot: 111) (offset: 0) (type: t_address) (numberOfBytes: 20)
MockRoninValidatorSetExtended:______deprecatedSlashIndicator (storage_slot: 112) (offset: 0) (type: t_address) (numberOfBytes: 20)
MockRoninValidatorSetExtended:______deprecatedStakingContract (storage_slot: 113) (offset: 0) (type: t_address) (numberOfBytes: 20)
MockRoninValidatorSetExtended:_maxValidatorCandidate (storage_slot: 114) (offset: 0) (type: t_uint256) (numberOfBytes: 32)
MockRoninValidatorSetExtended:_candidates (storage_slot: 115) (offset: 0) (type: t_array(t_address)dyn_storage) (numberOfBytes: 32)
MockRoninValidatorSetExtended:_candidateIndex (storage_slot: 116) (offset: 0) (type: t_mapping(t_addresst_uint256)) (numberOfBytes: 32)
MockRoninValidatorSetExtended:_candidateInfo (storage_slot: 117) (offset: 0) (type: t_mapping(t_addresst_struct(ValidatorCandidate)_storage)) (numberOfBytes: 32)
MockRoninValidatorSetExtended:_minEffectiveDaysOnwards (storage_slot: 118) (offset: 0) (type: t_uint256) (numberOfBytes: 32)
MockRoninValidatorSetExtended:_candidateCommissionChangeSchedule (storage_slot: 119) (offset: 0) (type: t_mapping(t_addresst_struct(CommissionSchedule)_storage)) (numberOfBytes: 32)
MockRoninValidatorSetExtended:______gap (storage_slot: 120) (offset: 0) (type: t_array(t_uint256)_storage) (numberOfBytes: 1536)
MockRoninValidatorSetExtended:______deprecatedTrustedOrg (storage_slot: 168) (offset: 0) (type: t_address) (numberOfBytes: 20)
MockRoninValidatorSetExtended:_maxValidatorNumber (storage_slot: 169) (offset: 0) (type: t_uint256) (numberOfBytes: 32)
MockRoninValidatorSetExtended:validatorCount (storage_slot: 170) (offset: 0) (type: t_uint256) (numberOfBytes: 32)
MockRoninValidatorSetExtended:_validators (storage_slot: 171) (offset: 0) (type: t_mapping(t_uint256t_address)) (numberOfBytes: 32)
MockRoninValidatorSetExtended:_validatorMap (storage_slot: 172) (offset: 0) (type: t_mapping(t_addresst_enum(ValidatorFlag))) (numberOfBytes: 32)
MockRoninValidatorSetExtended:_maxPrioritizedValidatorNumber (storage_slot: 173) (offset: 0) (type: t_uint256) (numberOfBytes: 32)
MockRoninValidatorSetExtended:______gap (storage_slot: 174) (offset: 0) (type: t_array(t_uint256)_storage) (numberOfBytes: 1600)
MockRoninValidatorSetExtended:_miningReward (storage_slot: 224) (offset: 0) (type: t_mapping(t_addresst_uint256)) (numberOfBytes: 32)
MockRoninValidatorSetExtended:_delegatingReward (storage_slot: 225) (offset: 0) (type: t_mapping(t_addresst_uint256)) (numberOfBytes: 32)
MockRoninValidatorSetExtended:_totalFastFinalityReward (storage_slot: 226) (offset: 0) (type: t_uint256) (numberOfBytes: 32)
MockRoninValidatorSetExtended:_fastFinalityReward (storage_slot: 227) (offset: 0) (type: t_mapping(t_addresst_uint256)) (numberOfBytes: 32)
MockRoninValidatorSetExtended:_totalDeprecatedReward (storage_slot: 228) (offset: 0) (type: t_uint256) (numberOfBytes: 32)
MockRoninValidatorSetExtended:_emergencyExitLockedAmount (storage_slot: 229) (offset: 0) (type: t_uint256) (numberOfBytes: 32)
MockRoninValidatorSetExtended:_emergencyExpiryDuration (storage_slot: 230) (offset: 0) (type: t_uint256) (numberOfBytes: 32)
MockRoninValidatorSetExtended:_lockedConsensusList (storage_slot: 231) (offset: 0) (type: t_array(t_address)dyn_storage) (numberOfBytes: 32)
MockRoninValidatorSetExtended:_exitInfo (storage_slot: 232) (offset: 0) (type: t_mapping(t_addresst_struct(EmergencyExitInfo)_storage)) (numberOfBytes: 32)
MockRoninValidatorSetExtended:_lockedFundReleased (storage_slot: 233) (offset: 0) (type: t_mapping(t_addresst_bool)) (numberOfBytes: 32)
MockRoninValidatorSetExtended:______gap (storage_slot: 234) (offset: 0) (type: t_array(t_uint256)_storage) (numberOfBytes: 1408)
MockRoninValidatorSetExtended:_initialized (storage_slot: 278) (offset: 0) (type: t_bool) (numberOfBytes: 1)
MockRoninValidatorSetExtended:_epochs (storage_slot: 279) (offset: 0) (type: t_array(t_uint256)dyn_storage) (numberOfBytes: 32)
MockRoninValidatorSetOverridePrecompile:_initialized (storage_slot: 0) (offset: 0) (type: t_uint8) (numberOfBytes: 1)
MockRoninValidatorSetOverridePrecompile:_initializing (storage_slot: 0) (offset: 1) (type: t_bool) (numberOfBytes: 1)
MockRoninValidatorSetOverridePrecompile:_numberOfBlocksInEpoch (storage_slot: 1) (offset: 0) (type: t_uint256) (numberOfBytes: 32)
MockRoninValidatorSetOverridePrecompile:_lastUpdatedBlock (storage_slot: 2) (offset: 0) (type: t_uint256) (numberOfBytes: 32)
MockRoninValidatorSetOverridePrecompile:_lastUpdatedPeriod (storage_slot: 3) (offset: 0) (type: t_uint256) (numberOfBytes: 32)
MockRoninValidatorSetOverridePrecompile:_currentPeriodStartAtBlock (storage_slot: 4) (offset: 0) (type: t_uint256) (numberOfBytes: 32)
MockRoninValidatorSetOverridePrecompile:_periodOf (storage_slot: 5) (offset: 0) (type: t_mapping(t_uint256t_uint256)) (numberOfBytes: 32)
MockRoninValidatorSetOverridePrecompile:______gap (storage_slot: 6) (offset: 0) (type: t_array(t_uint256)_storage) (numberOfBytes: 1568)
MockRoninValidatorSetOverridePrecompile:_miningRewardDeprecatedAtPeriod (storage_slot: 55) (offset: 0) (type: t_mapping(t_addresst_mapping(t_uint256t_bool))) (numberOfBytes: 32)
MockRoninValidatorSetOverridePrecompile:_miningRewardBailoutCutOffAtPeriod (storage_slot: 56) (offset: 0) (type: t_mapping(t_addresst_mapping(t_uint256t_bool))) (numberOfBytes: 32)
MockRoninValidatorSetOverridePrecompile:______deprecatedBridgeRewardDeprecatedAtPeriod (storage_slot: 57) (offset: 0) (type: t_mapping(t_addresst_mapping(t_uint256t_bool))) (numberOfBytes: 32)
MockRoninValidatorSetOverridePrecompile:_blockProducerJailedBlock (storage_slot: 58) (offset: 0) (type: t_mapping(t_addresst_uint256)) (numberOfBytes: 32)
MockRoninValidatorSetOverridePrecompile:_emergencyExitJailedTimestamp (storage_slot: 59) (offset: 0) (type: t_mapping(t_addresst_uint256)) (numberOfBytes: 32)
MockRoninValidatorSetOverridePrecompile:_cannotBailoutUntilBlock (storage_slot: 60) (offset: 0) (type: t_mapping(t_addresst_uint256)) (numberOfBytes: 32)
MockRoninValidatorSetOverridePrecompile:______gap (storage_slot: 61) (offset: 0) (type: t_array(t_uint256)_storage) (numberOfBytes: 1536)
MockRoninValidatorSetOverridePrecompile:______deprecatedStakingVesting (storage_slot: 109) (offset: 0) (type: t_address) (numberOfBytes: 20)
MockRoninValidatorSetOverridePrecompile:______deprecatedBridgeTracking (storage_slot: 110) (offset: 0) (type: t_address) (numberOfBytes: 20)
MockRoninValidatorSetOverridePrecompile:______deprecatedMaintenance (storage_slot: 111) (offset: 0) (type: t_address) (numberOfBytes: 20)
MockRoninValidatorSetOverridePrecompile:______deprecatedSlashIndicator (storage_slot: 112) (offset: 0) (type: t_address) (numberOfBytes: 20)
MockRoninValidatorSetOverridePrecompile:______deprecatedStakingContract (storage_slot: 113) (offset: 0) (type: t_address) (numberOfBytes: 20)
MockRoninValidatorSetOverridePrecompile:_maxValidatorCandidate (storage_slot: 114) (offset: 0) (type: t_uint256) (numberOfBytes: 32)
MockRoninValidatorSetOverridePrecompile:_candidates (storage_slot: 115) (offset: 0) (type: t_array(t_address)dyn_storage) (numberOfBytes: 32)
MockRoninValidatorSetOverridePrecompile:_candidateIndex (storage_slot: 116) (offset: 0) (type: t_mapping(t_addresst_uint256)) (numberOfBytes: 32)
MockRoninValidatorSetOverridePrecompile:_candidateInfo (storage_slot: 117) (offset: 0) (type: t_mapping(t_addresst_struct(ValidatorCandidate)_storage)) (numberOfBytes: 32)
MockRoninValidatorSetOverridePrecompile:_minEffectiveDaysOnwards (storage_slot: 118) (offset: 0) (type: t_uint256) (numberOfBytes: 32)
MockRoninValidatorSetOverridePrecompile:_candidateCommissionChangeSchedule (storage_slot: 119) (offset: 0) (type: t_mapping(t_addresst_struct(CommissionSchedule)_storage)) (numberOfBytes: 32)
MockRoninValidatorSetOverridePrecompile:______gap (storage_slot: 120) (offset: 0) (type: t_array(t_uint256)_storage) (numberOfBytes: 1536)
MockRoninValidatorSetOverridePrecompile:______deprecatedTrustedOrg (storage_slot: 168) (offset: 0) (type: t_address) (numberOfBytes: 20)
MockRoninValidatorSetOverridePrecompile:_maxValidatorNumber (storage_slot: 169) (offset: 0) (type: t_uint256) (numberOfBytes: 32)
MockRoninValidatorSetOverridePrecompile:validatorCount (storage_slot: 170) (offset: 0) (type: t_uint256) (numberOfBytes: 32)
MockRoninValidatorSetOverridePrecompile:_validators (storage_slot: 171) (offset: 0) (type: t_mapping(t_uint256t_address)) (numberOfBytes: 32)
MockRoninValidatorSetOverridePrecompile:_validatorMap (storage_slot: 172) (offset: 0) (type: t_mapping(t_addresst_enum(ValidatorFlag))) (numberOfBytes: 32)
MockRoninValidatorSetOverridePrecompile:_maxPrioritizedValidatorNumber (storage_slot: 173) (offset: 0) (type: t_uint256) (numberOfBytes: 32)
MockRoninValidatorSetOverridePrecompile:______gap (storage_slot: 174) (offset: 0) (type: t_array(t_uint256)_storage) (numberOfBytes: 1600)
MockRoninValidatorSetOverridePrecompile:_miningReward (storage_slot: 224) (offset: 0) (type: t_mapping(t_addresst_uint256)) (numberOfBytes: 32)
MockRoninValidatorSetOverridePrecompile:_delegatingReward (storage_slot: 225) (offset: 0) (type: t_mapping(t_addresst_uint256)) (numberOfBytes: 32)
MockRoninValidatorSetOverridePrecompile:_totalFastFinalityReward (storage_slot: 226) (offset: 0) (type: t_uint256) (numberOfBytes: 32)
MockRoninValidatorSetOverridePrecompile:_fastFinalityReward (storage_slot: 227) (offset: 0) (type: t_mapping(t_addresst_uint256)) (numberOfBytes: 32)
MockRoninValidatorSetOverridePrecompile:_totalDeprecatedReward (storage_slot: 228) (offset: 0) (type: t_uint256) (numberOfBytes: 32)
MockRoninValidatorSetOverridePrecompile:_emergencyExitLockedAmount (storage_slot: 229) (offset: 0) (type: t_uint256) (numberOfBytes: 32)
MockRoninValidatorSetOverridePrecompile:_emergencyExpiryDuration (storage_slot: 230) (offset: 0) (type: t_uint256) (numberOfBytes: 32)
MockRoninValidatorSetOverridePrecompile:_lockedConsensusList (storage_slot: 231) (offset: 0) (type: t_array(t_address)dyn_storage) (numberOfBytes: 32)
MockRoninValidatorSetOverridePrecompile:_exitInfo (storage_slot: 232) (offset: 0) (type: t_mapping(t_addresst_struct(EmergencyExitInfo)_storage)) (numberOfBytes: 32)
MockRoninValidatorSetOverridePrecompile:_lockedFundReleased (storage_slot: 233) (offset: 0) (type: t_mapping(t_addresst_bool)) (numberOfBytes: 32)
MockRoninValidatorSetOverridePrecompile:______gap (storage_slot: 234) (offset: 0) (type: t_array(t_uint256)_storage) (numberOfBytes: 1408)
MockSlashIndicatorExtended:______deprecatedValidator (storage_slot: 0) (offset: 0) (type: t_address) (numberOfBytes: 20)
MockSlashIndicatorExtended:_slashDoubleSignAmount (storage_slot: 1) (offset: 0) (type: t_uint256) (numberOfBytes: 32)
MockSlashIndicatorExtended:_doubleSigningJailUntilBlock (storage_slot: 2) (offset: 0) (type: t_uint256) (numberOfBytes: 32)
MockSlashIndicatorExtended:_doubleSigningOffsetLimitBlock (storage_slot: 3) (offset: 0) (type: t_uint256) (numberOfBytes: 32)
MockSlashIndicatorExtended:_submittedEvidence (storage_slot: 4) (offset: 0) (type: t_mapping(t_bytes32t_bool)) (numberOfBytes: 32)
MockSlashIndicatorExtended:______gap (storage_slot: 5) (offset: 0) (type: t_array(t_uint256)_storage) (numberOfBytes: 768)
MockSlashIndicatorExtended:_slashFastFinalityAmount (storage_slot: 29) (offset: 0) (type: t_uint256) (numberOfBytes: 32)
MockSlashIndicatorExtended:_fastFinalityJailUntilBlock (storage_slot: 30) (offset: 0) (type: t_uint256) (numberOfBytes: 32)
MockSlashIndicatorExtended:_processedEvidence (storage_slot: 31) (offset: 0) (type: t_mapping(t_bytes32t_bool)) (numberOfBytes: 32)
MockSlashIndicatorExtended:______gap (storage_slot: 32) (offset: 0) (type: t_array(t_uint256)_storage) (numberOfBytes: 672)
MockSlashIndicatorExtended:______deprecatedTrustedOrg (storage_slot: 53) (offset: 0) (type: t_address) (numberOfBytes: 20)
MockSlashIndicatorExtended:______deprecatedGovernanceAdmin (storage_slot: 54) (offset: 0) (type: t_address) (numberOfBytes: 20)
MockSlashIndicatorExtended:_bridgeVotingSlashed (storage_slot: 55) (offset: 0) (type: t_mapping(t_addresst_mapping(t_uint256t_bool))) (numberOfBytes: 32)
MockSlashIndicatorExtended:_bridgeVotingThreshold (storage_slot: 56) (offset: 0) (type: t_uint256) (numberOfBytes: 32)
MockSlashIndicatorExtended:_bridgeVotingSlashAmount (storage_slot: 57) (offset: 0) (type: t_uint256) (numberOfBytes: 32)
MockSlashIndicatorExtended:______gap (storage_slot: 58) (offset: 0) (type: t_array(t_uint256)_storage) (numberOfBytes: 1600)
MockSlashIndicatorExtended:______deprecatedMaintenance (storage_slot: 108) (offset: 0) (type: t_address) (numberOfBytes: 20)
MockSlashIndicatorExtended:_missingVotesRatioTier1 (storage_slot: 109) (offset: 0) (type: t_uint256) (numberOfBytes: 32)
MockSlashIndicatorExtended:_missingVotesRatioTier2 (storage_slot: 110) (offset: 0) (type: t_uint256) (numberOfBytes: 32)
MockSlashIndicatorExtended:_jailDurationForMissingVotesRatioTier2 (storage_slot: 111) (offset: 0) (type: t_uint256) (numberOfBytes: 32)
MockSlashIndicatorExtended:_skipBridgeOperatorSlashingThreshold (storage_slot: 112) (offset: 0) (type: t_uint256) (numberOfBytes: 32)
MockSlashIndicatorExtended:______gap (storage_slot: 113) (offset: 0) (type: t_array(t_uint256)_storage) (numberOfBytes: 1600)
MockSlashIndicatorExtended:lastUnavailabilitySlashedBlock (storage_slot: 163) (offset: 0) (type: t_uint256) (numberOfBytes: 32)
MockSlashIndicatorExtended:_unavailabilityIndicator (storage_slot: 164) (offset: 0) (type: t_mapping(t_addresst_mapping(t_uint256t_uint256))) (numberOfBytes: 32)
MockSlashIndicatorExtended:_unavailabilityTier1Threshold (storage_slot: 165) (offset: 0) (type: t_uint256) (numberOfBytes: 32)
MockSlashIndicatorExtended:_unavailabilityTier2Threshold (storage_slot: 166) (offset: 0) (type: t_uint256) (numberOfBytes: 32)
MockSlashIndicatorExtended:_slashAmountForUnavailabilityTier2Threshold (storage_slot: 167) (offset: 0) (type: t_uint256) (numberOfBytes: 32)
MockSlashIndicatorExtended:_jailDurationForUnavailabilityTier2Threshold (storage_slot: 168) (offset: 0) (type: t_uint256) (numberOfBytes: 32)
MockSlashIndicatorExtended:______gap (storage_slot: 169) (offset: 0) (type: t_array(t_uint256)_storage) (numberOfBytes: 1600)
MockSlashIndicatorExtended:_checkBailedOutAtPeriod (storage_slot: 219) (offset: 0) (type: t_mapping(t_addresst_mapping(t_uint256t_bool))) (numberOfBytes: 32)
MockSlashIndicatorExtended:_creditScore (storage_slot: 220) (offset: 0) (type: t_mapping(t_addresst_uint256)) (numberOfBytes: 32)
MockSlashIndicatorExtended:_gainCreditScore (storage_slot: 221) (offset: 0) (type: t_uint256) (numberOfBytes: 32)
MockSlashIndicatorExtended:_maxCreditScore (storage_slot: 222) (offset: 0) (type: t_uint256) (numberOfBytes: 32)
MockSlashIndicatorExtended:_bailOutCostMultiplier (storage_slot: 223) (offset: 0) (type: t_uint256) (numberOfBytes: 32)
MockSlashIndicatorExtended:_cutOffPercentageAfterBailout (storage_slot: 224) (offset: 0) (type: t_uint256) (numberOfBytes: 32)
MockSlashIndicatorExtended:______gap (storage_slot: 225) (offset: 0) (type: t_array(t_uint256)_storage) (numberOfBytes: 1600)
MockSlashIndicatorExtended:_initialized (storage_slot: 275) (offset: 0) (type: t_uint8) (numberOfBytes: 1)
MockSlashIndicatorExtended:_initializing (storage_slot: 275) (offset: 1) (type: t_bool) (numberOfBytes: 1)
MockSorting:data (storage_slot: 0) (offset: 0) (type: t_array(t_uint256)dyn_storage) (numberOfBytes: 32)
MockStaking:_accumulatedRps (storage_slot: 0) (offset: 0) (type: t_mapping(t_addresst_mapping(t_uint256t_struct(PeriodWrapper)_storage))) (numberOfBytes: 32)
MockStaking:_userReward (storage_slot: 1) (offset: 0) (type: t_mapping(t_addresst_mapping(t_addresst_struct(UserRewardFields)_storage))) (numberOfBytes: 32)
MockStaking:_stakingPool (storage_slot: 2) (offset: 0) (type: t_mapping(t_addresst_struct(PoolFields)_storage)) (numberOfBytes: 32)
MockStaking:______gap (storage_slot: 3) (offset: 0) (type: t_array(t_uint256)_storage) (numberOfBytes: 1600)
MockStaking:_stakingAmount (storage_slot: 53) (offset: 0) (type: t_mapping(t_addresst_uint256)) (numberOfBytes: 32)
MockStaking:_periodSlashed (storage_slot: 54) (offset: 0) (type: t_mapping(t_uint256t_bool)) (numberOfBytes: 32)
MockStaking:_stakingTotal (storage_slot: 55) (offset: 0) (type: t_uint256) (numberOfBytes: 32)
MockStaking:lastUpdatedPeriod (storage_slot: 56) (offset: 0) (type: t_uint256) (numberOfBytes: 32)
MockStaking:pendingReward (storage_slot: 57) (offset: 0) (type: t_uint256) (numberOfBytes: 32)
MockStaking:poolAddr (storage_slot: 58) (offset: 0) (type: t_address) (numberOfBytes: 20)
MockTransfer:track (storage_slot: 0) (offset: 0) (type: t_uint256) (numberOfBytes: 32)
MockTUint256Slot:_primitiveUint256 (storage_slot: 0) (offset: 0) (type: t_uint256) (numberOfBytes: 32)
MockValidatorContract:_currentPeriod (storage_slot: 0) (offset: 0) (type: t_uint256) (numberOfBytes: 32)
MockValidatorSet:______deprecatedStakingContract (storage_slot: 0) (offset: 0) (type: t_address) (numberOfBytes: 20)
MockValidatorSet:_maxValidatorCandidate (storage_slot: 1) (offset: 0) (type: t_uint256) (numberOfBytes: 32)
MockValidatorSet:_candidates (storage_slot: 2) (offset: 0) (type: t_array(t_address)dyn_storage) (numberOfBytes: 32)
MockValidatorSet:_candidateIndex (storage_slot: 3) (offset: 0) (type: t_mapping(t_addresst_uint256)) (numberOfBytes: 32)
MockValidatorSet:_candidateInfo (storage_slot: 4) (offset: 0) (type: t_mapping(t_addresst_struct(ValidatorCandidate)_storage)) (numberOfBytes: 32)
MockValidatorSet:_minEffectiveDaysOnwards (storage_slot: 5) (offset: 0) (type: t_uint256) (numberOfBytes: 32)
MockValidatorSet:_candidateCommissionChangeSchedule (storage_slot: 6) (offset: 0) (type: t_mapping(t_addresst_struct(CommissionSchedule)_storage)) (numberOfBytes: 32)
MockValidatorSet:______gap (storage_slot: 7) (offset: 0) (type: t_array(t_uint256)_storage) (numberOfBytes: 1536)
MockValidatorSet:______deprecatedStakingVesting (storage_slot: 55) (offset: 0) (type: t_address) (numberOfBytes: 20)
MockValidatorSet:______deprecatedSlashIndicator (storage_slot: 56) (offset: 0) (type: t_address) (numberOfBytes: 20)
MockValidatorSet:_lastUpdatedPeriod (storage_slot: 57) (offset: 0) (type: t_uint256) (numberOfBytes: 32)
MockValidatorSet:_numberOfBlocksInEpoch (storage_slot: 58) (offset: 0) (type: t_uint256) (numberOfBytes: 32)
MockValidatorSet:_periodSlashed (storage_slot: 59) (offset: 0) (type: t_mapping(t_uint256t_bool)) (numberOfBytes: 32)
Ownable:_owner (storage_slot: 0) (offset: 0) (type: t_address) (numberOfBytes: 20)
Pausable:_paused (storage_slot: 0) (offset: 0) (type: t_bool) (numberOfBytes: 1)
PauseEnforcer:_roles (storage_slot: 0) (offset: 0) (type: t_mapping(t_bytes32t_struct(RoleData)_storage)) (numberOfBytes: 32)
PauseEnforcer:_roleMembers (storage_slot: 1) (offset: 0) (type: t_mapping(t_bytes32t_struct(AddressSet)_storage)) (numberOfBytes: 32)
PauseEnforcer:_initialized (storage_slot: 2) (offset: 0) (type: t_uint8) (numberOfBytes: 1)
PauseEnforcer:_initializing (storage_slot: 2) (offset: 1) (type: t_bool) (numberOfBytes: 1)
PauseEnforcer:target (storage_slot: 2) (offset: 2) (type: t_contract(IPauseTarget)) (numberOfBytes: 20)
PauseEnforcer:emergency (storage_slot: 2) (offset: 22) (type: t_bool) (numberOfBytes: 1)
Profile:_id2Profile (storage_slot: 0) (offset: 0) (type: t_mapping(t_addresst_struct(CandidateProfile)_storage)) (numberOfBytes: 32)
Profile:_registry (storage_slot: 1) (offset: 0) (type: t_mapping(t_uint256t_bool)) (numberOfBytes: 32)
Profile:__gap (storage_slot: 2) (offset: 0) (type: t_array(t_bytes32)_storage) (numberOfBytes: 1568)
Profile:_initialized (storage_slot: 51) (offset: 0) (type: t_uint8) (numberOfBytes: 1)
Profile:_initializing (storage_slot: 51) (offset: 1) (type: t_bool) (numberOfBytes: 1)
ProfileHandler:_id2Profile (storage_slot: 0) (offset: 0) (type: t_mapping(t_addresst_struct(CandidateProfile)_storage)) (numberOfBytes: 32)
ProfileHandler:_registry (storage_slot: 1) (offset: 0) (type: t_mapping(t_uint256t_bool)) (numberOfBytes: 32)
ProfileHandler:__gap (storage_slot: 2) (offset: 0) (type: t_array(t_bytes32)_storage) (numberOfBytes: 1568)
ProfileStorage:_id2Profile (storage_slot: 0) (offset: 0) (type: t_mapping(t_addresst_struct(CandidateProfile)_storage)) (numberOfBytes: 32)
ProfileStorage:_registry (storage_slot: 1) (offset: 0) (type: t_mapping(t_uint256t_bool)) (numberOfBytes: 32)
ProfileStorage:__gap (storage_slot: 2) (offset: 0) (type: t_array(t_bytes32)_storage) (numberOfBytes: 1568)
ProxyAdmin:_owner (storage_slot: 0) (offset: 0) (type: t_address) (numberOfBytes: 20)
ReentrancyGuard:_status (storage_slot: 0) (offset: 0) (type: t_uint256) (numberOfBytes: 32)
RewardCalculation:_accumulatedRps (storage_slot: 0) (offset: 0) (type: t_mapping(t_addresst_mapping(t_uint256t_struct(PeriodWrapper)_storage))) (numberOfBytes: 32)
RewardCalculation:_userReward (storage_slot: 1) (offset: 0) (type: t_mapping(t_addresst_mapping(t_addresst_struct(UserRewardFields)_storage))) (numberOfBytes: 32)
RewardCalculation:_stakingPool (storage_slot: 2) (offset: 0) (type: t_mapping(t_addresst_struct(PoolFields)_storage)) (numberOfBytes: 32)
RewardCalculation:______gap (storage_slot: 3) (offset: 0) (type: t_array(t_uint256)_storage) (numberOfBytes: 1600)
RoninBridgeManager:round (storage_slot: 0) (offset: 0) (type: t_mapping(t_uint256t_uint256)) (numberOfBytes: 32)
RoninBridgeManager:vote (storage_slot: 1) (offset: 0) (type: t_mapping(t_uint256t_mapping(t_uint256t_struct(ProposalVote)_storage))) (numberOfBytes: 32)
RoninBridgeManager:_proposalExpiryDuration (storage_slot: 2) (offset: 0) (type: t_uint256) (numberOfBytes: 32)
RoninBridgeManager:_targetOptionsMap (storage_slot: 3) (offset: 0) (type: t_mapping(t_enum(TargetOption)t_address)) (numberOfBytes: 32)
RoninGatewayV3:_paused (storage_slot: 0) (offset: 0) (type: t_bool) (numberOfBytes: 1)
RoninGatewayV3:_num (storage_slot: 1) (offset: 0) (type: t_uint256) (numberOfBytes: 32)
RoninGatewayV3:_denom (storage_slot: 2) (offset: 0) (type: t_uint256) (numberOfBytes: 32)
RoninGatewayV3:______deprecated (storage_slot: 3) (offset: 0) (type: t_address) (numberOfBytes: 20)
RoninGatewayV3:nonce (storage_slot: 4) (offset: 0) (type: t_uint256) (numberOfBytes: 32)
RoninGatewayV3:emergencyPauser (storage_slot: 5) (offset: 0) (type: t_address) (numberOfBytes: 20)
RoninGatewayV3:______gap (storage_slot: 6) (offset: 0) (type: t_array(t_uint256)_storage) (numberOfBytes: 1568)
RoninGatewayV3:_initialized (storage_slot: 55) (offset: 0) (type: t_uint8) (numberOfBytes: 1)
RoninGatewayV3:_initializing (storage_slot: 55) (offset: 1) (type: t_bool) (numberOfBytes: 1)
RoninGatewayV3:minimumThreshold (storage_slot: 56) (offset: 0) (type: t_mapping(t_addresst_uint256)) (numberOfBytes: 32)
RoninGatewayV3:______gap (storage_slot: 57) (offset: 0) (type: t_array(t_uint256)_storage) (numberOfBytes: 1600)
RoninGatewayV3:_roles (storage_slot: 107) (offset: 0) (type: t_mapping(t_bytes32t_struct(RoleData)_storage)) (numberOfBytes: 32)
RoninGatewayV3:_roleMembers (storage_slot: 108) (offset: 0) (type: t_mapping(t_bytes32t_struct(AddressSet)_storage)) (numberOfBytes: 32)
RoninGatewayV3:___deprecated4 (storage_slot: 109) (offset: 0) (type: t_bool) (numberOfBytes: 1)
RoninGatewayV3:withdrawalCount (storage_slot: 110) (offset: 0) (type: t_uint256) (numberOfBytes: 32)
RoninGatewayV3:depositVote (storage_slot: 111) (offset: 0) (type: t_mapping(t_uint256t_mapping(t_uint256t_struct(Vote)_storage))) (numberOfBytes: 32)
RoninGatewayV3:mainchainWithdrewVote (storage_slot: 112) (offset: 0) (type: t_mapping(t_uint256t_struct(Vote)_storage)) (numberOfBytes: 32)
RoninGatewayV3:withdrawal (storage_slot: 113) (offset: 0) (type: t_mapping(t_uint256t_struct(Receipt)_storage)) (numberOfBytes: 32)
RoninGatewayV3:_withdrawalSig (storage_slot: 114) (offset: 0) (type: t_mapping(t_uint256t_mapping(t_addresst_bytes_storage))) (numberOfBytes: 32)
RoninGatewayV3:_mainchainToken (storage_slot: 115) (offset: 0) (type: t_mapping(t_addresst_mapping(t_uint256t_struct(MappedToken)_storage))) (numberOfBytes: 32)
RoninGatewayV3:____deprecated0 (storage_slot: 116) (offset: 0) (type: t_address) (numberOfBytes: 20)
RoninGatewayV3:____deprecated1 (storage_slot: 117) (offset: 0) (type: t_address) (numberOfBytes: 20)
RoninGatewayV3:withdrawalStatVote (storage_slot: 118) (offset: 0) (type: t_mapping(t_uint256t_struct(Vote)_storage)) (numberOfBytes: 32)
RoninGatewayV3:____deprecated2 (storage_slot: 119) (offset: 0) (type: t_address) (numberOfBytes: 20)
RoninGatewayV3:_trustedNum (storage_slot: 120) (offset: 0) (type: t_uint256) (numberOfBytes: 32)
RoninGatewayV3:_trustedDenom (storage_slot: 121) (offset: 0) (type: t_uint256) (numberOfBytes: 32)
RoninGovernanceAdmin:round (storage_slot: 0) (offset: 0) (type: t_mapping(t_uint256t_uint256)) (numberOfBytes: 32)
RoninGovernanceAdmin:vote (storage_slot: 1) (offset: 0) (type: t_mapping(t_uint256t_mapping(t_uint256t_struct(ProposalVote)_storage))) (numberOfBytes: 32)
RoninGovernanceAdmin:_proposalExpiryDuration (storage_slot: 2) (offset: 0) (type: t_uint256) (numberOfBytes: 32)
RoninGovernanceAdmin:______deprecatedGovernanceAdmin (storage_slot: 3) (offset: 0) (type: t_address) (numberOfBytes: 20)
RoninGovernanceAdmin:______deprecatedBridge (storage_slot: 4) (offset: 0) (type: t_address) (numberOfBytes: 20)
RoninGovernanceAdmin:roninChainId (storage_slot: 5) (offset: 0) (type: t_uint256) (numberOfBytes: 32)
RoninGovernanceAdmin:DOMAIN_SEPARATOR (storage_slot: 6) (offset: 0) (type: t_bytes32) (numberOfBytes: 32)
RoninGovernanceAdmin:______deprecatedValidator (storage_slot: 7) (offset: 0) (type: t_address) (numberOfBytes: 20)
RoninGovernanceAdmin:_emergencyExitPoll (storage_slot: 8) (offset: 0) (type: t_mapping(t_bytes32t_struct(Vote)_storage)) (numberOfBytes: 32)
RoninTrustedOrganization:_initialized (storage_slot: 0) (offset: 0) (type: t_uint8) (numberOfBytes: 1)
RoninTrustedOrganization:_initializing (storage_slot: 0) (offset: 1) (type: t_bool) (numberOfBytes: 1)
RoninTrustedOrganization:_num (storage_slot: 1) (offset: 0) (type: t_uint256) (numberOfBytes: 32)
RoninTrustedOrganization:_denom (storage_slot: 2) (offset: 0) (type: t_uint256) (numberOfBytes: 32)
RoninTrustedOrganization:_totalWeight (storage_slot: 3) (offset: 0) (type: t_uint256) (numberOfBytes: 32)
RoninTrustedOrganization:_nonce (storage_slot: 4) (offset: 0) (type: t_uint256) (numberOfBytes: 32)
RoninTrustedOrganization:_consensusWeight (storage_slot: 5) (offset: 0) (type: t_mapping(t_addresst_uint256)) (numberOfBytes: 32)
RoninTrustedOrganization:_governorWeight (storage_slot: 6) (offset: 0) (type: t_mapping(t_addresst_uint256)) (numberOfBytes: 32)
RoninTrustedOrganization:_bridgeVoterWeight (storage_slot: 7) (offset: 0) (type: t_mapping(t_addresst_uint256)) (numberOfBytes: 32)
RoninTrustedOrganization:_addedBlock (storage_slot: 8) (offset: 0) (type: t_mapping(t_addresst_uint256)) (numberOfBytes: 32)
RoninTrustedOrganization:_consensusList (storage_slot: 9) (offset: 0) (type: t_array(t_address)dyn_storage) (numberOfBytes: 32)
RoninTrustedOrganization:_governorList (storage_slot: 10) (offset: 0) (type: t_array(t_address)dyn_storage) (numberOfBytes: 32)
RoninTrustedOrganization:_bridgeVoterList (storage_slot: 11) (offset: 0) (type: t_array(t_address)dyn_storage) (numberOfBytes: 32)
RoninValidatorSet:_initialized (storage_slot: 0) (offset: 0) (type: t_uint8) (numberOfBytes: 1)
RoninValidatorSet:_initializing (storage_slot: 0) (offset: 1) (type: t_bool) (numberOfBytes: 1)
RoninValidatorSet:_numberOfBlocksInEpoch (storage_slot: 1) (offset: 0) (type: t_uint256) (numberOfBytes: 32)
RoninValidatorSet:_lastUpdatedBlock (storage_slot: 2) (offset: 0) (type: t_uint256) (numberOfBytes: 32)
RoninValidatorSet:_lastUpdatedPeriod (storage_slot: 3) (offset: 0) (type: t_uint256) (numberOfBytes: 32)
RoninValidatorSet:_currentPeriodStartAtBlock (storage_slot: 4) (offset: 0) (type: t_uint256) (numberOfBytes: 32)
RoninValidatorSet:_periodOf (storage_slot: 5) (offset: 0) (type: t_mapping(t_uint256t_uint256)) (numberOfBytes: 32)
RoninValidatorSet:______gap (storage_slot: 6) (offset: 0) (type: t_array(t_uint256)_storage) (numberOfBytes: 1568)
RoninValidatorSet:_miningRewardDeprecatedAtPeriod (storage_slot: 55) (offset: 0) (type: t_mapping(t_addresst_mapping(t_uint256t_bool))) (numberOfBytes: 32)
RoninValidatorSet:_miningRewardBailoutCutOffAtPeriod (storage_slot: 56) (offset: 0) (type: t_mapping(t_addresst_mapping(t_uint256t_bool))) (numberOfBytes: 32)
RoninValidatorSet:______deprecatedBridgeRewardDeprecatedAtPeriod (storage_slot: 57) (offset: 0) (type: t_mapping(t_addresst_mapping(t_uint256t_bool))) (numberOfBytes: 32)
RoninValidatorSet:_blockProducerJailedBlock (storage_slot: 58) (offset: 0) (type: t_mapping(t_addresst_uint256)) (numberOfBytes: 32)
RoninValidatorSet:_emergencyExitJailedTimestamp (storage_slot: 59) (offset: 0) (type: t_mapping(t_addresst_uint256)) (numberOfBytes: 32)
RoninValidatorSet:_cannotBailoutUntilBlock (storage_slot: 60) (offset: 0) (type: t_mapping(t_addresst_uint256)) (numberOfBytes: 32)
RoninValidatorSet:______gap (storage_slot: 61) (offset: 0) (type: t_array(t_uint256)_storage) (numberOfBytes: 1536)
RoninValidatorSet:______deprecatedStakingVesting (storage_slot: 109) (offset: 0) (type: t_address) (numberOfBytes: 20)
RoninValidatorSet:______deprecatedBridgeTracking (storage_slot: 110) (offset: 0) (type: t_address) (numberOfBytes: 20)
RoninValidatorSet:______deprecatedMaintenance (storage_slot: 111) (offset: 0) (type: t_address) (numberOfBytes: 20)
RoninValidatorSet:______deprecatedSlashIndicator (storage_slot: 112) (offset: 0) (type: t_address) (numberOfBytes: 20)
RoninValidatorSet:______deprecatedStakingContract (storage_slot: 113) (offset: 0) (type: t_address) (numberOfBytes: 20)
RoninValidatorSet:_maxValidatorCandidate (storage_slot: 114) (offset: 0) (type: t_uint256) (numberOfBytes: 32)
RoninValidatorSet:_candidates (storage_slot: 115) (offset: 0) (type: t_array(t_address)dyn_storage) (numberOfBytes: 32)
RoninValidatorSet:_candidateIndex (storage_slot: 116) (offset: 0) (type: t_mapping(t_addresst_uint256)) (numberOfBytes: 32)
RoninValidatorSet:_candidateInfo (storage_slot: 117) (offset: 0) (type: t_mapping(t_addresst_struct(ValidatorCandidate)_storage)) (numberOfBytes: 32)
RoninValidatorSet:_minEffectiveDaysOnwards (storage_slot: 118) (offset: 0) (type: t_uint256) (numberOfBytes: 32)
RoninValidatorSet:_candidateCommissionChangeSchedule (storage_slot: 119) (offset: 0) (type: t_mapping(t_addresst_struct(CommissionSchedule)_storage)) (numberOfBytes: 32)
RoninValidatorSet:______gap (storage_slot: 120) (offset: 0) (type: t_array(t_uint256)_storage) (numberOfBytes: 1536)
RoninValidatorSet:______deprecatedTrustedOrg (storage_slot: 168) (offset: 0) (type: t_address) (numberOfBytes: 20)
RoninValidatorSet:_maxValidatorNumber (storage_slot: 169) (offset: 0) (type: t_uint256) (numberOfBytes: 32)
RoninValidatorSet:validatorCount (storage_slot: 170) (offset: 0) (type: t_uint256) (numberOfBytes: 32)
RoninValidatorSet:_validators (storage_slot: 171) (offset: 0) (type: t_mapping(t_uint256t_address)) (numberOfBytes: 32)
RoninValidatorSet:_validatorMap (storage_slot: 172) (offset: 0) (type: t_mapping(t_addresst_enum(ValidatorFlag))) (numberOfBytes: 32)
RoninValidatorSet:_maxPrioritizedValidatorNumber (storage_slot: 173) (offset: 0) (type: t_uint256) (numberOfBytes: 32)
RoninValidatorSet:______gap (storage_slot: 174) (offset: 0) (type: t_array(t_uint256)_storage) (numberOfBytes: 1600)
RoninValidatorSet:_miningReward (storage_slot: 224) (offset: 0) (type: t_mapping(t_addresst_uint256)) (numberOfBytes: 32)
RoninValidatorSet:_delegatingReward (storage_slot: 225) (offset: 0) (type: t_mapping(t_addresst_uint256)) (numberOfBytes: 32)
RoninValidatorSet:_totalFastFinalityReward (storage_slot: 226) (offset: 0) (type: t_uint256) (numberOfBytes: 32)
RoninValidatorSet:_fastFinalityReward (storage_slot: 227) (offset: 0) (type: t_mapping(t_addresst_uint256)) (numberOfBytes: 32)
RoninValidatorSet:_totalDeprecatedReward (storage_slot: 228) (offset: 0) (type: t_uint256) (numberOfBytes: 32)
RoninValidatorSet:_emergencyExitLockedAmount (storage_slot: 229) (offset: 0) (type: t_uint256) (numberOfBytes: 32)
RoninValidatorSet:_emergencyExpiryDuration (storage_slot: 230) (offset: 0) (type: t_uint256) (numberOfBytes: 32)
RoninValidatorSet:_lockedConsensusList (storage_slot: 231) (offset: 0) (type: t_array(t_address)dyn_storage) (numberOfBytes: 32)
RoninValidatorSet:_exitInfo (storage_slot: 232) (offset: 0) (type: t_mapping(t_addresst_struct(EmergencyExitInfo)_storage)) (numberOfBytes: 32)
RoninValidatorSet:_lockedFundReleased (storage_slot: 233) (offset: 0) (type: t_mapping(t_addresst_bool)) (numberOfBytes: 32)
RoninValidatorSet:______gap (storage_slot: 234) (offset: 0) (type: t_array(t_uint256)_storage) (numberOfBytes: 1408)
SlashBridgeOperator:______deprecatedValidator (storage_slot: 0) (offset: 0) (type: t_address) (numberOfBytes: 20)
SlashBridgeOperator:_missingVotesRatioTier1 (storage_slot: 1) (offset: 0) (type: t_uint256) (numberOfBytes: 32)
SlashBridgeOperator:_missingVotesRatioTier2 (storage_slot: 2) (offset: 0) (type: t_uint256) (numberOfBytes: 32)
SlashBridgeOperator:_jailDurationForMissingVotesRatioTier2 (storage_slot: 3) (offset: 0) (type: t_uint256) (numberOfBytes: 32)
SlashBridgeOperator:_skipBridgeOperatorSlashingThreshold (storage_slot: 4) (offset: 0) (type: t_uint256) (numberOfBytes: 32)
SlashBridgeOperator:______gap (storage_slot: 5) (offset: 0) (type: t_array(t_uint256)_storage) (numberOfBytes: 1600)
SlashBridgeVoting:______deprecatedValidator (storage_slot: 0) (offset: 0) (type: t_address) (numberOfBytes: 20)
SlashBridgeVoting:______deprecatedTrustedOrg (storage_slot: 1) (offset: 0) (type: t_address) (numberOfBytes: 20)
SlashBridgeVoting:______deprecatedGovernanceAdmin (storage_slot: 2) (offset: 0) (type: t_address) (numberOfBytes: 20)
SlashBridgeVoting:_bridgeVotingSlashed (storage_slot: 3) (offset: 0) (type: t_mapping(t_addresst_mapping(t_uint256t_bool))) (numberOfBytes: 32)
SlashBridgeVoting:_bridgeVotingThreshold (storage_slot: 4) (offset: 0) (type: t_uint256) (numberOfBytes: 32)
SlashBridgeVoting:_bridgeVotingSlashAmount (storage_slot: 5) (offset: 0) (type: t_uint256) (numberOfBytes: 32)
SlashBridgeVoting:______gap (storage_slot: 6) (offset: 0) (type: t_array(t_uint256)_storage) (numberOfBytes: 1600)
SlashDoubleSign:______deprecatedValidator (storage_slot: 0) (offset: 0) (type: t_address) (numberOfBytes: 20)
SlashDoubleSign:_slashDoubleSignAmount (storage_slot: 1) (offset: 0) (type: t_uint256) (numberOfBytes: 32)
SlashDoubleSign:_doubleSigningJailUntilBlock (storage_slot: 2) (offset: 0) (type: t_uint256) (numberOfBytes: 32)
SlashDoubleSign:_doubleSigningOffsetLimitBlock (storage_slot: 3) (offset: 0) (type: t_uint256) (numberOfBytes: 32)
SlashDoubleSign:_submittedEvidence (storage_slot: 4) (offset: 0) (type: t_mapping(t_bytes32t_bool)) (numberOfBytes: 32)
SlashDoubleSign:______gap (storage_slot: 5) (offset: 0) (type: t_array(t_uint256)_storage) (numberOfBytes: 768)
SlashFastFinality:_slashFastFinalityAmount (storage_slot: 0) (offset: 0) (type: t_uint256) (numberOfBytes: 32)
SlashFastFinality:_fastFinalityJailUntilBlock (storage_slot: 1) (offset: 0) (type: t_uint256) (numberOfBytes: 32)
SlashFastFinality:_processedEvidence (storage_slot: 2) (offset: 0) (type: t_mapping(t_bytes32t_bool)) (numberOfBytes: 32)
SlashFastFinality:______gap (storage_slot: 3) (offset: 0) (type: t_array(t_uint256)_storage) (numberOfBytes: 672)
SlashIndicator:______deprecatedValidator (storage_slot: 0) (offset: 0) (type: t_address) (numberOfBytes: 20)
SlashIndicator:_slashDoubleSignAmount (storage_slot: 1) (offset: 0) (type: t_uint256) (numberOfBytes: 32)
SlashIndicator:_doubleSigningJailUntilBlock (storage_slot: 2) (offset: 0) (type: t_uint256) (numberOfBytes: 32)
SlashIndicator:_doubleSigningOffsetLimitBlock (storage_slot: 3) (offset: 0) (type: t_uint256) (numberOfBytes: 32)
SlashIndicator:_submittedEvidence (storage_slot: 4) (offset: 0) (type: t_mapping(t_bytes32t_bool)) (numberOfBytes: 32)
SlashIndicator:______gap (storage_slot: 5) (offset: 0) (type: t_array(t_uint256)_storage) (numberOfBytes: 768)
SlashIndicator:_slashFastFinalityAmount (storage_slot: 29) (offset: 0) (type: t_uint256) (numberOfBytes: 32)
SlashIndicator:_fastFinalityJailUntilBlock (storage_slot: 30) (offset: 0) (type: t_uint256) (numberOfBytes: 32)
SlashIndicator:_processedEvidence (storage_slot: 31) (offset: 0) (type: t_mapping(t_bytes32t_bool)) (numberOfBytes: 32)
SlashIndicator:______gap (storage_slot: 32) (offset: 0) (type: t_array(t_uint256)_storage) (numberOfBytes: 672)
SlashIndicator:______deprecatedTrustedOrg (storage_slot: 53) (offset: 0) (type: t_address) (numberOfBytes: 20)
SlashIndicator:______deprecatedGovernanceAdmin (storage_slot: 54) (offset: 0) (type: t_address) (numberOfBytes: 20)
SlashIndicator:_bridgeVotingSlashed (storage_slot: 55) (offset: 0) (type: t_mapping(t_addresst_mapping(t_uint256t_bool))) (numberOfBytes: 32)
SlashIndicator:_bridgeVotingThreshold (storage_slot: 56) (offset: 0) (type: t_uint256) (numberOfBytes: 32)
SlashIndicator:_bridgeVotingSlashAmount (storage_slot: 57) (offset: 0) (type: t_uint256) (numberOfBytes: 32)
SlashIndicator:______gap (storage_slot: 58) (offset: 0) (type: t_array(t_uint256)_storage) (numberOfBytes: 1600)
SlashIndicator:______deprecatedMaintenance (storage_slot: 108) (offset: 0) (type: t_address) (numberOfBytes: 20)
SlashIndicator:_missingVotesRatioTier1 (storage_slot: 109) (offset: 0) (type: t_uint256) (numberOfBytes: 32)
SlashIndicator:_missingVotesRatioTier2 (storage_slot: 110) (offset: 0) (type: t_uint256) (numberOfBytes: 32)
SlashIndicator:_jailDurationForMissingVotesRatioTier2 (storage_slot: 111) (offset: 0) (type: t_uint256) (numberOfBytes: 32)
SlashIndicator:_skipBridgeOperatorSlashingThreshold (storage_slot: 112) (offset: 0) (type: t_uint256) (numberOfBytes: 32)
SlashIndicator:______gap (storage_slot: 113) (offset: 0) (type: t_array(t_uint256)_storage) (numberOfBytes: 1600)
SlashIndicator:lastUnavailabilitySlashedBlock (storage_slot: 163) (offset: 0) (type: t_uint256) (numberOfBytes: 32)
SlashIndicator:_unavailabilityIndicator (storage_slot: 164) (offset: 0) (type: t_mapping(t_addresst_mapping(t_uint256t_uint256))) (numberOfBytes: 32)
SlashIndicator:_unavailabilityTier1Threshold (storage_slot: 165) (offset: 0) (type: t_uint256) (numberOfBytes: 32)
SlashIndicator:_unavailabilityTier2Threshold (storage_slot: 166) (offset: 0) (type: t_uint256) (numberOfBytes: 32)
SlashIndicator:_slashAmountForUnavailabilityTier2Threshold (storage_slot: 167) (offset: 0) (type: t_uint256) (numberOfBytes: 32)
SlashIndicator:_jailDurationForUnavailabilityTier2Threshold (storage_slot: 168) (offset: 0) (type: t_uint256) (numberOfBytes: 32)
SlashIndicator:______gap (storage_slot: 169) (offset: 0) (type: t_array(t_uint256)_storage) (numberOfBytes: 1600)
SlashIndicator:_checkBailedOutAtPeriod (storage_slot: 219) (offset: 0) (type: t_mapping(t_addresst_mapping(t_uint256t_bool))) (numberOfBytes: 32)
SlashIndicator:_creditScore (storage_slot: 220) (offset: 0) (type: t_mapping(t_addresst_uint256)) (numberOfBytes: 32)
SlashIndicator:_gainCreditScore (storage_slot: 221) (offset: 0) (type: t_uint256) (numberOfBytes: 32)
SlashIndicator:_maxCreditScore (storage_slot: 222) (offset: 0) (type: t_uint256) (numberOfBytes: 32)
SlashIndicator:_bailOutCostMultiplier (storage_slot: 223) (offset: 0) (type: t_uint256) (numberOfBytes: 32)
SlashIndicator:_cutOffPercentageAfterBailout (storage_slot: 224) (offset: 0) (type: t_uint256) (numberOfBytes: 32)
SlashIndicator:______gap (storage_slot: 225) (offset: 0) (type: t_array(t_uint256)_storage) (numberOfBytes: 1600)
SlashIndicator:_initialized (storage_slot: 275) (offset: 0) (type: t_uint8) (numberOfBytes: 1)
SlashIndicator:_initializing (storage_slot: 275) (offset: 1) (type: t_bool) (numberOfBytes: 1)
SlashingExecution:_numberOfBlocksInEpoch (storage_slot: 0) (offset: 0) (type: t_uint256) (numberOfBytes: 32)
SlashingExecution:_lastUpdatedBlock (storage_slot: 1) (offset: 0) (type: t_uint256) (numberOfBytes: 32)
SlashingExecution:_lastUpdatedPeriod (storage_slot: 2) (offset: 0) (type: t_uint256) (numberOfBytes: 32)
SlashingExecution:_currentPeriodStartAtBlock (storage_slot: 3) (offset: 0) (type: t_uint256) (numberOfBytes: 32)
SlashingExecution:_periodOf (storage_slot: 4) (offset: 0) (type: t_mapping(t_uint256t_uint256)) (numberOfBytes: 32)
SlashingExecution:______gap (storage_slot: 5) (offset: 0) (type: t_array(t_uint256)_storage) (numberOfBytes: 1568)
SlashingExecution:_miningRewardDeprecatedAtPeriod (storage_slot: 54) (offset: 0) (type: t_mapping(t_addresst_mapping(t_uint256t_bool))) (numberOfBytes: 32)
SlashingExecution:_miningRewardBailoutCutOffAtPeriod (storage_slot: 55) (offset: 0) (type: t_mapping(t_addresst_mapping(t_uint256t_bool))) (numberOfBytes: 32)
SlashingExecution:______deprecatedBridgeRewardDeprecatedAtPeriod (storage_slot: 56) (offset: 0) (type: t_mapping(t_addresst_mapping(t_uint256t_bool))) (numberOfBytes: 32)
SlashingExecution:_blockProducerJailedBlock (storage_slot: 57) (offset: 0) (type: t_mapping(t_addresst_uint256)) (numberOfBytes: 32)
SlashingExecution:_emergencyExitJailedTimestamp (storage_slot: 58) (offset: 0) (type: t_mapping(t_addresst_uint256)) (numberOfBytes: 32)
SlashingExecution:_cannotBailoutUntilBlock (storage_slot: 59) (offset: 0) (type: t_mapping(t_addresst_uint256)) (numberOfBytes: 32)
SlashingExecution:______gap (storage_slot: 60) (offset: 0) (type: t_array(t_uint256)_storage) (numberOfBytes: 1536)
SlashingExecution:______deprecatedSlashIndicator (storage_slot: 108) (offset: 0) (type: t_address) (numberOfBytes: 20)
SlashingExecution:______deprecatedStakingContract (storage_slot: 109) (offset: 0) (type: t_address) (numberOfBytes: 20)
SlashingExecution:______deprecatedTrustedOrg (storage_slot: 110) (offset: 0) (type: t_address) (numberOfBytes: 20)
SlashingExecution:_maxValidatorNumber (storage_slot: 111) (offset: 0) (type: t_uint256) (numberOfBytes: 32)
SlashingExecution:validatorCount (storage_slot: 112) (offset: 0) (type: t_uint256) (numberOfBytes: 32)
SlashingExecution:_validators (storage_slot: 113) (offset: 0) (type: t_mapping(t_uint256t_address)) (numberOfBytes: 32)
SlashingExecution:_validatorMap (storage_slot: 114) (offset: 0) (type: t_mapping(t_addresst_enum(ValidatorFlag))) (numberOfBytes: 32)
SlashingExecution:_maxPrioritizedValidatorNumber (storage_slot: 115) (offset: 0) (type: t_uint256) (numberOfBytes: 32)
SlashingExecution:______gap (storage_slot: 116) (offset: 0) (type: t_array(t_uint256)_storage) (numberOfBytes: 1600)
SlashingExecution:_miningReward (storage_slot: 166) (offset: 0) (type: t_mapping(t_addresst_uint256)) (numberOfBytes: 32)
SlashingExecution:_delegatingReward (storage_slot: 167) (offset: 0) (type: t_mapping(t_addresst_uint256)) (numberOfBytes: 32)
SlashingExecution:_totalFastFinalityReward (storage_slot: 168) (offset: 0) (type: t_uint256) (numberOfBytes: 32)
SlashingExecution:_fastFinalityReward (storage_slot: 169) (offset: 0) (type: t_mapping(t_addresst_uint256)) (numberOfBytes: 32)
SlashingExecution:_totalDeprecatedReward (storage_slot: 170) (offset: 0) (type: t_uint256) (numberOfBytes: 32)
SlashingExecution:_emergencyExitLockedAmount (storage_slot: 171) (offset: 0) (type: t_uint256) (numberOfBytes: 32)
SlashingExecution:_emergencyExpiryDuration (storage_slot: 172) (offset: 0) (type: t_uint256) (numberOfBytes: 32)
SlashingExecution:_lockedConsensusList (storage_slot: 173) (offset: 0) (type: t_array(t_address)dyn_storage) (numberOfBytes: 32)
SlashingExecution:_exitInfo (storage_slot: 174) (offset: 0) (type: t_mapping(t_addresst_struct(EmergencyExitInfo)_storage)) (numberOfBytes: 32)
SlashingExecution:_lockedFundReleased (storage_slot: 175) (offset: 0) (type: t_mapping(t_addresst_bool)) (numberOfBytes: 32)
SlashingExecution:______gap (storage_slot: 176) (offset: 0) (type: t_array(t_uint256)_storage) (numberOfBytes: 1408)
SlashUnavailability:______deprecatedValidator (storage_slot: 0) (offset: 0) (type: t_address) (numberOfBytes: 20)
SlashUnavailability:lastUnavailabilitySlashedBlock (storage_slot: 1) (offset: 0) (type: t_uint256) (numberOfBytes: 32)
SlashUnavailability:_unavailabilityIndicator (storage_slot: 2) (offset: 0) (type: t_mapping(t_addresst_mapping(t_uint256t_uint256))) (numberOfBytes: 32)
SlashUnavailability:_unavailabilityTier1Threshold (storage_slot: 3) (offset: 0) (type: t_uint256) (numberOfBytes: 32)
SlashUnavailability:_unavailabilityTier2Threshold (storage_slot: 4) (offset: 0) (type: t_uint256) (numberOfBytes: 32)
SlashUnavailability:_slashAmountForUnavailabilityTier2Threshold (storage_slot: 5) (offset: 0) (type: t_uint256) (numberOfBytes: 32)
SlashUnavailability:_jailDurationForUnavailabilityTier2Threshold (storage_slot: 6) (offset: 0) (type: t_uint256) (numberOfBytes: 32)
SlashUnavailability:______gap (storage_slot: 7) (offset: 0) (type: t_array(t_uint256)_storage) (numberOfBytes: 1600)
Staking:_status (storage_slot: 0) (offset: 0) (type: t_uint256) (numberOfBytes: 32)
Staking:_accumulatedRps (storage_slot: 1) (offset: 0) (type: t_mapping(t_addresst_mapping(t_uint256t_struct(PeriodWrapper)_storage))) (numberOfBytes: 32)
Staking:_userReward (storage_slot: 2) (offset: 0) (type: t_mapping(t_addresst_mapping(t_addresst_struct(UserRewardFields)_storage))) (numberOfBytes: 32)
Staking:_stakingPool (storage_slot: 3) (offset: 0) (type: t_mapping(t_addresst_struct(PoolFields)_storage)) (numberOfBytes: 32)
Staking:______gap (storage_slot: 4) (offset: 0) (type: t_array(t_uint256)_storage) (numberOfBytes: 1600)
Staking:______deprecatedValidator (storage_slot: 54) (offset: 0) (type: t_address) (numberOfBytes: 20)
Staking:_stakingPool (storage_slot: 55) (offset: 0) (type: t_mapping(t_addresst_struct(PoolDetail)_storage)) (numberOfBytes: 32)
Staking:_cooldownSecsToUndelegate (storage_slot: 56) (offset: 0) (type: t_uint256) (numberOfBytes: 32)
Staking:_waitingSecsToRevoke (storage_slot: 57) (offset: 0) (type: t_uint256) (numberOfBytes: 32)
Staking:_adminOfActivePoolMapping (storage_slot: 58) (offset: 0) (type: t_mapping(t_addresst_address)) (numberOfBytes: 32)
Staking:______gap (storage_slot: 59) (offset: 0) (type: t_array(t_uint256)_storage) (numberOfBytes: 1568)
Staking:_minValidatorStakingAmount (storage_slot: 108) (offset: 0) (type: t_uint256) (numberOfBytes: 32)
Staking:_maxCommissionRate (storage_slot: 109) (offset: 0) (type: t_uint256) (numberOfBytes: 32)
Staking:_minCommissionRate (storage_slot: 110) (offset: 0) (type: t_uint256) (numberOfBytes: 32)
Staking:______gap (storage_slot: 111) (offset: 0) (type: t_array(t_uint256)_storage) (numberOfBytes: 1536)
Staking:______gap (storage_slot: 159) (offset: 0) (type: t_array(t_uint256)_storage) (numberOfBytes: 1600)
Staking:_initialized (storage_slot: 209) (offset: 0) (type: t_uint8) (numberOfBytes: 1)
Staking:_initializing (storage_slot: 209) (offset: 1) (type: t_bool) (numberOfBytes: 1)
StakingVesting:______deprecatedValidator (storage_slot: 0) (offset: 0) (type: t_address) (numberOfBytes: 20)
StakingVesting:_initialized (storage_slot: 0) (offset: 20) (type: t_uint8) (numberOfBytes: 1)
StakingVesting:_initializing (storage_slot: 0) (offset: 21) (type: t_bool) (numberOfBytes: 1)
StakingVesting:_blockProducerBonusPerBlock (storage_slot: 1) (offset: 0) (type: t_uint256) (numberOfBytes: 32)
StakingVesting:_bridgeOperatorBonusPerBlock (storage_slot: 2) (offset: 0) (type: t_uint256) (numberOfBytes: 32)
StakingVesting:lastBlockSendingBonus (storage_slot: 3) (offset: 0) (type: t_uint256) (numberOfBytes: 32)
StakingVesting:_fastFinalityRewardPercentage (storage_slot: 4) (offset: 0) (type: t_uint256) (numberOfBytes: 32)
TimingStorage:_numberOfBlocksInEpoch (storage_slot: 0) (offset: 0) (type: t_uint256) (numberOfBytes: 32)
TimingStorage:_lastUpdatedBlock (storage_slot: 1) (offset: 0) (type: t_uint256) (numberOfBytes: 32)
TimingStorage:_lastUpdatedPeriod (storage_slot: 2) (offset: 0) (type: t_uint256) (numberOfBytes: 32)
TimingStorage:_currentPeriodStartAtBlock (storage_slot: 3) (offset: 0) (type: t_uint256) (numberOfBytes: 32)
TimingStorage:_periodOf (storage_slot: 4) (offset: 0) (type: t_mapping(t_uint256t_uint256)) (numberOfBytes: 32)
TimingStorage:______gap (storage_slot: 5) (offset: 0) (type: t_array(t_uint256)_storage) (numberOfBytes: 1568)
ValidatorInfoStorage:______deprecatedTrustedOrg (storage_slot: 0) (offset: 0) (type: t_address) (numberOfBytes: 20)
ValidatorInfoStorage:_maxValidatorNumber (storage_slot: 1) (offset: 0) (type: t_uint256) (numberOfBytes: 32)
ValidatorInfoStorage:validatorCount (storage_slot: 2) (offset: 0) (type: t_uint256) (numberOfBytes: 32)
ValidatorInfoStorage:_validators (storage_slot: 3) (offset: 0) (type: t_mapping(t_uint256t_address)) (numberOfBytes: 32)
ValidatorInfoStorage:_validatorMap (storage_slot: 4) (offset: 0) (type: t_mapping(t_addresst_enum(ValidatorFlag))) (numberOfBytes: 32)
ValidatorInfoStorage:_maxPrioritizedValidatorNumber (storage_slot: 5) (offset: 0) (type: t_uint256) (numberOfBytes: 32)
ValidatorInfoStorage:______gap (storage_slot: 6) (offset: 0) (type: t_array(t_uint256)_storage) (numberOfBytes: 1600)
ValidatorInfoStorageV2:______deprecatedTrustedOrg (storage_slot: 0) (offset: 0) (type: t_address) (numberOfBytes: 20)
ValidatorInfoStorageV2:_maxValidatorNumber (storage_slot: 1) (offset: 0) (type: t_uint256) (numberOfBytes: 32)
ValidatorInfoStorageV2:validatorCount (storage_slot: 2) (offset: 0) (type: t_uint256) (numberOfBytes: 32)
ValidatorInfoStorageV2:_validators (storage_slot: 3) (offset: 0) (type: t_mapping(t_uint256t_address)) (numberOfBytes: 32)
ValidatorInfoStorageV2:_validatorMap (storage_slot: 4) (offset: 0) (type: t_mapping(t_addresst_enum(ValidatorFlag))) (numberOfBytes: 32)
ValidatorInfoStorageV2:_maxPrioritizedValidatorNumber (storage_slot: 5) (offset: 0) (type: t_uint256) (numberOfBytes: 32)
ValidatorInfoStorageV2:______gap (storage_slot: 6) (offset: 0) (type: t_array(t_uint256)_storage) (numberOfBytes: 1600)
VaultForwarder:_roles (storage_slot: 0) (offset: 0) (type: t_mapping(t_bytes32t_struct(RoleData)_storage)) (numberOfBytes: 32)
VaultForwarder:_roleMembers (storage_slot: 1) (offset: 0) (type: t_mapping(t_bytes32t_struct(AddressSet)_storage)) (numberOfBytes: 32)
WithdrawalLimitation:_paused (storage_slot: 0) (offset: 0) (type: t_bool) (numberOfBytes: 1)
WithdrawalLimitation:_num (storage_slot: 1) (offset: 0) (type: t_uint256) (numberOfBytes: 32)
WithdrawalLimitation:_denom (storage_slot: 2) (offset: 0) (type: t_uint256) (numberOfBytes: 32)
WithdrawalLimitation:______deprecated (storage_slot: 3) (offset: 0) (type: t_address) (numberOfBytes: 20)
WithdrawalLimitation:nonce (storage_slot: 4) (offset: 0) (type: t_uint256) (numberOfBytes: 32)
WithdrawalLimitation:emergencyPauser (storage_slot: 5) (offset: 0) (type: t_address) (numberOfBytes: 20)
WithdrawalLimitation:______gap (storage_slot: 6) (offset: 0) (type: t_array(t_uint256)_storage) (numberOfBytes: 1568)
WithdrawalLimitation:_highTierVWNum (storage_slot: 55) (offset: 0) (type: t_uint256) (numberOfBytes: 32)
WithdrawalLimitation:_highTierVWDenom (storage_slot: 56) (offset: 0) (type: t_uint256) (numberOfBytes: 32)
WithdrawalLimitation:highTierThreshold (storage_slot: 57) (offset: 0) (type: t_mapping(t_addresst_uint256)) (numberOfBytes: 32)
WithdrawalLimitation:lockedThreshold (storage_slot: 58) (offset: 0) (type: t_mapping(t_addresst_uint256)) (numberOfBytes: 32)
WithdrawalLimitation:unlockFeePercentages (storage_slot: 59) (offset: 0) (type: t_mapping(t_addresst_uint256)) (numberOfBytes: 32)
WithdrawalLimitation:dailyWithdrawalLimit (storage_slot: 60) (offset: 0) (type: t_mapping(t_addresst_uint256)) (numberOfBytes: 32)
WithdrawalLimitation:lastSyncedWithdrawal (storage_slot: 61) (offset: 0) (type: t_mapping(t_addresst_uint256)) (numberOfBytes: 32)
WithdrawalLimitation:lastDateSynced (storage_slot: 62) (offset: 0) (type: t_mapping(t_addresst_uint256)) (numberOfBytes: 32)
WithdrawalLimitation:______gap (storage_slot: 63) (offset: 0) (type: t_array(t_uint256)_storage) (numberOfBytes: 1600)